<?xml version="1.0" encoding="UTF-8"?>
<testsuites>
  <testsuite name="/home/runner/work/RestaurantPOS/RestaurantPOS/phpunit.xml" tests="1580" assertions="13667" errors="0" failures="0" skipped="3" time="388.076064">
    <testsuite name="Unit" tests="503" assertions="3615" errors="0" failures="0" skipped="3" time="43.713116">
      <testsuite name="Tests\Unit\Config\ApiArtifactsConfigContractTest" file="/home/runner/work/RestaurantPOS/RestaurantPOS/tests/Unit/Config/ApiArtifactsConfigContractTest.php" tests="1" assertions="89" errors="0" failures="0" skipped="0" time="0.119846">
        <testcase name="test_priority_consumer_groups_and_safe_environment_templates_are_registered" file="/home/runner/work/RestaurantPOS/RestaurantPOS/tests/Unit/Config/ApiArtifactsConfigContractTest.php" line="11" class="Tests\Unit\Config\ApiArtifactsConfigContractTest" classname="Tests.Unit.Config.ApiArtifactsConfigContractTest" assertions="89" time="0.119846"/>
      </testsuite>
      <testsuite name="Tests\Unit\Config\AppLocaleDefaultsConfigContractTest" file="/home/runner/work/RestaurantPOS/RestaurantPOS/tests/Unit/Config/AppLocaleDefaultsConfigContractTest.php" tests="1" assertions="4" errors="0" failures="0" skipped="0" time="0.035570">
        <testcase name="test_runtime_timezone_stays_utc_while_default_locale_targets_vietnam" file="/home/runner/work/RestaurantPOS/RestaurantPOS/tests/Unit/Config/AppLocaleDefaultsConfigContractTest.php" line="11" class="Tests\Unit\Config\AppLocaleDefaultsConfigContractTest" classname="Tests.Unit.Config.AppLocaleDefaultsConfigContractTest" assertions="4" time="0.035570"/>
      </testsuite>
      <testsuite name="Tests\Unit\Config\BookingCustomerBenefitsIdempotencyScopeContractTest" file="/home/runner/work/RestaurantPOS/RestaurantPOS/tests/Unit/Config/BookingCustomerBenefitsIdempotencyScopeContractTest.php" tests="1" assertions="4" errors="0" failures="0" skipped="0" time="0.029318">
        <testcase name="test_booking_config_requires_idempotency_for_customer_benefits_mutations" file="/home/runner/work/RestaurantPOS/RestaurantPOS/tests/Unit/Config/BookingCustomerBenefitsIdempotencyScopeContractTest.php" line="11" class="Tests\Unit\Config\BookingCustomerBenefitsIdempotencyScopeContractTest" classname="Tests.Unit.Config.BookingCustomerBenefitsIdempotencyScopeContractTest" assertions="4" time="0.029318"/>
      </testsuite>
      <testsuite name="Tests\Unit\Config\BookingCustomerPreorderIdempotencyScopeContractTest" file="/home/runner/work/RestaurantPOS/RestaurantPOS/tests/Unit/Config/BookingCustomerPreorderIdempotencyScopeContractTest.php" tests="1" assertions="2" errors="0" failures="0" skipped="0" time="0.029658">
        <testcase name="test_booking_config_contains_required_customer_preorder_idempotency_scopes" file="/home/runner/work/RestaurantPOS/RestaurantPOS/tests/Unit/Config/BookingCustomerPreorderIdempotencyScopeContractTest.php" line="11" class="Tests\Unit\Config\BookingCustomerPreorderIdempotencyScopeContractTest" classname="Tests.Unit.Config.BookingCustomerPreorderIdempotencyScopeContractTest" assertions="2" time="0.029658"/>
      </testsuite>
      <testsuite name="Tests\Unit\Config\BookingIdempotencyScopeContractTest" file="/home/runner/work/RestaurantPOS/RestaurantPOS/tests/Unit/Config/BookingIdempotencyScopeContractTest.php" tests="2" assertions="134" errors="0" failures="0" skipped="0" time="0.051274">
        <testcase name="test_booking_config_contains_required_customer_self_service_idempotency_scopes" file="/home/runner/work/RestaurantPOS/RestaurantPOS/tests/Unit/Config/BookingIdempotencyScopeContractTest.php" line="12" class="Tests\Unit\Config\BookingIdempotencyScopeContractTest" classname="Tests.Unit.Config.BookingIdempotencyScopeContractTest" assertions="16" time="0.029871"/>
        <testcase name="test_every_route_idempotency_scope_is_required_by_booking_config" file="/home/runner/work/RestaurantPOS/RestaurantPOS/tests/Unit/Config/BookingIdempotencyScopeContractTest.php" line="40" class="Tests\Unit\Config\BookingIdempotencyScopeContractTest" classname="Tests.Unit.Config.BookingIdempotencyScopeContractTest" assertions="118" time="0.021404"/>
      </testsuite>
      <testsuite name="Tests\Unit\Config\BookingOpsArtifactConfigContractTest" file="/home/runner/work/RestaurantPOS/RestaurantPOS/tests/Unit/Config/BookingOpsArtifactConfigContractTest.php" tests="1" assertions="3" errors="0" failures="0" skipped="0" time="0.037381">
        <testcase name="test_booking_ops_artifact_roots_follow_release_reports_layout" file="/home/runner/work/RestaurantPOS/RestaurantPOS/tests/Unit/Config/BookingOpsArtifactConfigContractTest.php" line="11" class="Tests\Unit\Config\BookingOpsArtifactConfigContractTest" classname="Tests.Unit.Config.BookingOpsArtifactConfigContractTest" assertions="3" time="0.037381"/>
      </testsuite>
      <testsuite name="Tests\Unit\Config\BookingPaymentProviderConfigContractTest" file="/home/runner/work/RestaurantPOS/RestaurantPOS/tests/Unit/Config/BookingPaymentProviderConfigContractTest.php" tests="1" assertions="36" errors="0" failures="0" skipped="0" time="0.030793">
        <testcase name="test_booking_config_declares_payment_provider_defaults_and_supported_provider_switches" file="/home/runner/work/RestaurantPOS/RestaurantPOS/tests/Unit/Config/BookingPaymentProviderConfigContractTest.php" line="11" class="Tests\Unit\Config\BookingPaymentProviderConfigContractTest" classname="Tests.Unit.Config.BookingPaymentProviderConfigContractTest" assertions="36" time="0.030793"/>
      </testsuite>
      <testsuite name="Tests\Unit\Config\BookingReleaseRequiredSqlPatchesTest" file="/home/runner/work/RestaurantPOS/RestaurantPOS/tests/Unit/Config/BookingReleaseRequiredSqlPatchesTest.php" tests="1" assertions="1" errors="0" failures="0" skipped="0" time="0.029868">
        <testcase name="test_required_sql_patch_inventory_tracks_all_numbered_patch_artifacts" file="/home/runner/work/RestaurantPOS/RestaurantPOS/tests/Unit/Config/BookingReleaseRequiredSqlPatchesTest.php" line="11" class="Tests\Unit\Config\BookingReleaseRequiredSqlPatchesTest" classname="Tests.Unit.Config.BookingReleaseRequiredSqlPatchesTest" assertions="1" time="0.029868"/>
      </testsuite>
      <testsuite name="Tests\Unit\Config\BookingReportingAndMultiBranchConfigContractTest" file="/home/runner/work/RestaurantPOS/RestaurantPOS/tests/Unit/Config/BookingReportingAndMultiBranchConfigContractTest.php" tests="2" assertions="24" errors="0" failures="0" skipped="0" time="0.050944">
        <testcase name="test_booking_config_declares_reporting_and_multi_branch_defaults" file="/home/runner/work/RestaurantPOS/RestaurantPOS/tests/Unit/Config/BookingReportingAndMultiBranchConfigContractTest.php" line="11" class="Tests\Unit\Config\BookingReportingAndMultiBranchConfigContractTest" classname="Tests.Unit.Config.BookingReportingAndMultiBranchConfigContractTest" assertions="12" time="0.030850"/>
        <testcase name="test_booking_config_declares_customer_admin_and_realtime_defaults" file="/home/runner/work/RestaurantPOS/RestaurantPOS/tests/Unit/Config/BookingReportingAndMultiBranchConfigContractTest.php" line="30" class="Tests\Unit\Config\BookingReportingAndMultiBranchConfigContractTest" classname="Tests.Unit.Config.BookingReportingAndMultiBranchConfigContractTest" assertions="12" time="0.020095"/>
      </testsuite>
      <testsuite name="Tests\Unit\Config\BookingRuntimeConfigCoverageContractTest" file="/home/runner/work/RestaurantPOS/RestaurantPOS/tests/Unit/Config/BookingRuntimeConfigCoverageContractTest.php" tests="3" assertions="210" errors="0" failures="0" skipped="0" time="0.078714">
        <testcase name="test_booking_config_declares_every_current_hot_path_key_used_by_source" file="/home/runner/work/RestaurantPOS/RestaurantPOS/tests/Unit/Config/BookingRuntimeConfigCoverageContractTest.php" line="11" class="Tests\Unit\Config\BookingRuntimeConfigCoverageContractTest" classname="Tests.Unit.Config.BookingRuntimeConfigCoverageContractTest" assertions="132" time="0.038523"/>
        <testcase name="test_env_example_documents_booking_runtime_knobs_across_each_contract_block" file="/home/runner/work/RestaurantPOS/RestaurantPOS/tests/Unit/Config/BookingRuntimeConfigCoverageContractTest.php" line="149" class="Tests\Unit\Config\BookingRuntimeConfigCoverageContractTest" classname="Tests.Unit.Config.BookingRuntimeConfigCoverageContractTest" assertions="66" time="0.020680"/>
        <testcase name="test_local_like_runtime_defaults_do_not_self_throttle_the_local_performance_lane" file="/home/runner/work/RestaurantPOS/RestaurantPOS/tests/Unit/Config/BookingRuntimeConfigCoverageContractTest.php" line="230" class="Tests\Unit\Config\BookingRuntimeConfigCoverageContractTest" classname="Tests.Unit.Config.BookingRuntimeConfigCoverageContractTest" assertions="12" time="0.019511"/>
      </testsuite>
      <testsuite name="Tests\Unit\Config\BookingStaffBoardAssignmentIdempotencyScopeContractTest" file="/home/runner/work/RestaurantPOS/RestaurantPOS/tests/Unit/Config/BookingStaffBoardAssignmentIdempotencyScopeContractTest.php" tests="1" assertions="2" errors="0" failures="0" skipped="0" time="0.044222">
        <testcase name="test_booking_config_contains_required_staff_board_assignment_idempotency_scopes" file="/home/runner/work/RestaurantPOS/RestaurantPOS/tests/Unit/Config/BookingStaffBoardAssignmentIdempotencyScopeContractTest.php" line="11" class="Tests\Unit\Config\BookingStaffBoardAssignmentIdempotencyScopeContractTest" classname="Tests.Unit.Config.BookingStaffBoardAssignmentIdempotencyScopeContractTest" assertions="2" time="0.044222"/>
      </testsuite>
      <testsuite name="Tests\Unit\Config\BookingStaffWaitingListIdempotencyScopeContractTest" file="/home/runner/work/RestaurantPOS/RestaurantPOS/tests/Unit/Config/BookingStaffWaitingListIdempotencyScopeContractTest.php" tests="1" assertions="5" errors="0" failures="0" skipped="0" time="0.031224">
        <testcase name="test_booking_config_contains_required_staff_waiting_list_idempotency_scopes" file="/home/runner/work/RestaurantPOS/RestaurantPOS/tests/Unit/Config/BookingStaffWaitingListIdempotencyScopeContractTest.php" line="11" class="Tests\Unit\Config\BookingStaffWaitingListIdempotencyScopeContractTest" classname="Tests.Unit.Config.BookingStaffWaitingListIdempotencyScopeContractTest" assertions="5" time="0.031224"/>
      </testsuite>
      <testsuite name="Tests\Unit\Config\CustomerAuthConfigContractTest" file="/home/runner/work/RestaurantPOS/RestaurantPOS/tests/Unit/Config/CustomerAuthConfigContractTest.php" tests="2" assertions="18" errors="0" failures="0" skipped="0" time="0.050793">
        <testcase name="test_customer_auth_config_declares_foundation_keys_for_dedicated_access_sessions" file="/home/runner/work/RestaurantPOS/RestaurantPOS/tests/Unit/Config/CustomerAuthConfigContractTest.php" line="11" class="Tests\Unit\Config\CustomerAuthConfigContractTest" classname="Tests.Unit.Config.CustomerAuthConfigContractTest" assertions="16" time="0.030835"/>
        <testcase name="test_customer_auth_session_bound_route_contracts_have_no_raw_duplicate_keys" file="/home/runner/work/RestaurantPOS/RestaurantPOS/tests/Unit/Config/CustomerAuthConfigContractTest.php" line="35" class="Tests\Unit\Config\CustomerAuthConfigContractTest" classname="Tests.Unit.Config.CustomerAuthConfigContractTest" assertions="2" time="0.019959"/>
      </testsuite>
      <testsuite name="Tests\Unit\Config\FeatureFlagConfigContractTest" file="/home/runner/work/RestaurantPOS/RestaurantPOS/tests/Unit/Config/FeatureFlagConfigContractTest.php" tests="2" assertions="54" errors="0" failures="0" skipped="0" time="0.058585">
        <testcase name="test_rollout_candidate_features_are_registered_with_safe_defaults" file="/home/runner/work/RestaurantPOS/RestaurantPOS/tests/Unit/Config/FeatureFlagConfigContractTest.php" line="11" class="Tests\Unit\Config\FeatureFlagConfigContractTest" classname="Tests.Unit.Config.FeatureFlagConfigContractTest" assertions="36" time="0.037566"/>
        <testcase name="test_rollout_flag_docs_and_skill_reference_cover_registered_features" file="/home/runner/work/RestaurantPOS/RestaurantPOS/tests/Unit/Config/FeatureFlagConfigContractTest.php" line="26" class="Tests\Unit\Config\FeatureFlagConfigContractTest" classname="Tests.Unit.Config.FeatureFlagConfigContractTest" assertions="18" time="0.021019"/>
      </testsuite>
      <testsuite name="Tests\Unit\Config\StaffAuthConfigContractTest" file="/home/runner/work/RestaurantPOS/RestaurantPOS/tests/Unit/Config/StaffAuthConfigContractTest.php" tests="1" assertions="16" errors="0" failures="0" skipped="0" time="0.038968">
        <testcase name="test_staff_auth_config_declares_product_login_session_controls" file="/home/runner/work/RestaurantPOS/RestaurantPOS/tests/Unit/Config/StaffAuthConfigContractTest.php" line="11" class="Tests\Unit\Config\StaffAuthConfigContractTest" classname="Tests.Unit.Config.StaffAuthConfigContractTest" assertions="16" time="0.038968"/>
      </testsuite>
      <testsuite name="Tests\Unit\Config\StaffAuthSessionTtlContractTest" file="/home/runner/work/RestaurantPOS/RestaurantPOS/tests/Unit/Config/StaffAuthSessionTtlContractTest.php" tests="1" assertions="3" errors="0" failures="0" skipped="0" time="0.031605">
        <testcase name="test_staff_auth_default_session_ttl_is_short_lived_for_browser_staff_web" file="/home/runner/work/RestaurantPOS/RestaurantPOS/tests/Unit/Config/StaffAuthSessionTtlContractTest.php" line="11" class="Tests\Unit\Config\StaffAuthSessionTtlContractTest" classname="Tests.Unit.Config.StaffAuthSessionTtlContractTest" assertions="3" time="0.031605"/>
      </testsuite>
      <testsuite name="Tests\Unit\Config\StaffCapabilitiesConfigContractTest" file="/home/runner/work/RestaurantPOS/RestaurantPOS/tests/Unit/Config/StaffCapabilitiesConfigContractTest.php" tests="1" assertions="400" errors="0" failures="0" skipped="0" time="0.031230">
        <testcase name="test_staff_capabilities_config_exposes_known_capability_contract" file="/home/runner/work/RestaurantPOS/RestaurantPOS/tests/Unit/Config/StaffCapabilitiesConfigContractTest.php" line="11" class="Tests\Unit\Config\StaffCapabilitiesConfigContractTest" classname="Tests.Unit.Config.StaffCapabilitiesConfigContractTest" assertions="400" time="0.031230"/>
      </testsuite>
      <testsuite name="Tests\Unit\Config\StaffCapabilityRouteInventoryContractTest" file="/home/runner/work/RestaurantPOS/RestaurantPOS/tests/Unit/Config/StaffCapabilityRouteInventoryContractTest.php" tests="7" assertions="82" errors="0" failures="0" skipped="0" time="0.192085">
        <testcase name="test_staff_capability_middleware_alias_is_registered" file="/home/runner/work/RestaurantPOS/RestaurantPOS/tests/Unit/Config/StaffCapabilityRouteInventoryContractTest.php" line="72" class="Tests\Unit\Config\StaffCapabilityRouteInventoryContractTest" classname="Tests.Unit.Config.StaffCapabilityRouteInventoryContractTest" assertions="1" time="0.031538"/>
        <testcase name="test_live_staff_capability_routes_match_the_configured_inventory" file="/home/runner/work/RestaurantPOS/RestaurantPOS/tests/Unit/Config/StaffCapabilityRouteInventoryContractTest.php" line="79" class="Tests\Unit\Config\StaffCapabilityRouteInventoryContractTest" classname="Tests.Unit.Config.StaffCapabilityRouteInventoryContractTest" assertions="1" time="0.050001"/>
        <testcase name="test_privileged_staff_and_admin_routes_are_staff_authenticated_and_capability_guarded" file="/home/runner/work/RestaurantPOS/RestaurantPOS/tests/Unit/Config/StaffCapabilityRouteInventoryContractTest.php" line="102" class="Tests\Unit\Config\StaffCapabilityRouteInventoryContractTest" classname="Tests.Unit.Config.StaffCapabilityRouteInventoryContractTest" assertions="5" time="0.023320"/>
        <testcase name="test_staff_auth_lifecycle_route_exceptions_are_documented" file="/home/runner/work/RestaurantPOS/RestaurantPOS/tests/Unit/Config/StaffCapabilityRouteInventoryContractTest.php" line="146" class="Tests\Unit\Config\StaffCapabilityRouteInventoryContractTest" classname="Tests.Unit.Config.StaffCapabilityRouteInventoryContractTest" assertions="4" time="0.020710"/>
        <testcase name="test_high_risk_staff_admin_mutations_have_auth_capability_and_idempotency_guards" file="/home/runner/work/RestaurantPOS/RestaurantPOS/tests/Unit/Config/StaffCapabilityRouteInventoryContractTest.php" line="153" class="Tests\Unit\Config\StaffCapabilityRouteInventoryContractTest" classname="Tests.Unit.Config.StaffCapabilityRouteInventoryContractTest" assertions="40" time="0.021627"/>
        <testcase name="test_route_alias_inventory_points_to_existing_routes_with_matching_capabilities" file="/home/runner/work/RestaurantPOS/RestaurantPOS/tests/Unit/Config/StaffCapabilityRouteInventoryContractTest.php" line="169" class="Tests\Unit\Config\StaffCapabilityRouteInventoryContractTest" classname="Tests.Unit.Config.StaffCapabilityRouteInventoryContractTest" assertions="30" time="0.023615"/>
        <testcase name="test_route_alias_config_matches_the_locked_route_inventory_alias_groups" file="/home/runner/work/RestaurantPOS/RestaurantPOS/tests/Unit/Config/StaffCapabilityRouteInventoryContractTest.php" line="192" class="Tests\Unit\Config\StaffCapabilityRouteInventoryContractTest" classname="Tests.Unit.Config.StaffCapabilityRouteInventoryContractTest" assertions="1" time="0.021274"/>
      </testsuite>
      <testsuite name="Tests\Unit\Domain\Policies\KitchenTicketTransitionPolicyTest" file="/home/runner/work/RestaurantPOS/RestaurantPOS/tests/Unit/Domain/Policies/KitchenTicketTransitionPolicyTest.php" tests="2" assertions="13" errors="0" failures="0" skipped="0" time="0.100696">
        <testcase name="test_ticket_action_matrix_only_allows_forward_operational_actions" file="/home/runner/work/RestaurantPOS/RestaurantPOS/tests/Unit/Domain/Policies/KitchenTicketTransitionPolicyTest.php" line="14" class="Tests\Unit\Domain\Policies\KitchenTicketTransitionPolicyTest" classname="Tests.Unit.Domain.Policies.KitchenTicketTransitionPolicyTest" assertions="9" time="0.079469"/>
        <testcase name="test_ticket_policy_preserves_terminal_and_forward_progression_during_sync" file="/home/runner/work/RestaurantPOS/RestaurantPOS/tests/Unit/Domain/Policies/KitchenTicketTransitionPolicyTest.php" line="41" class="Tests\Unit\Domain\Policies\KitchenTicketTransitionPolicyTest" classname="Tests.Unit.Domain.Policies.KitchenTicketTransitionPolicyTest" assertions="4" time="0.021226"/>
      </testsuite>
      <testsuite name="Tests\Unit\Domain\Policies\PaymentStatusTransitionPolicyTest" file="/home/runner/work/RestaurantPOS/RestaurantPOS/tests/Unit/Domain/Policies/PaymentStatusTransitionPolicyTest.php" tests="2" assertions="19" errors="0" failures="0" skipped="0" time="0.062335">
        <testcase name="test_payment_transition_matrix_covers_refund_lineage_and_backward_rejections" file="/home/runner/work/RestaurantPOS/RestaurantPOS/tests/Unit/Domain/Policies/PaymentStatusTransitionPolicyTest.php" line="13" class="Tests\Unit\Domain\Policies\PaymentStatusTransitionPolicyTest" classname="Tests.Unit.Domain.Policies.PaymentStatusTransitionPolicyTest" assertions="9" time="0.040605"/>
        <testcase name="test_payment_policy_derives_capture_and_refund_semantics_consistently" file="/home/runner/work/RestaurantPOS/RestaurantPOS/tests/Unit/Domain/Policies/PaymentStatusTransitionPolicyTest.php" line="36" class="Tests\Unit\Domain\Policies\PaymentStatusTransitionPolicyTest" classname="Tests.Unit.Domain.Policies.PaymentStatusTransitionPolicyTest" assertions="10" time="0.021730"/>
      </testsuite>
      <testsuite name="Tests\Unit\Domain\Policies\ReservationOrderItemStatusTransitionPolicyTest" file="/home/runner/work/RestaurantPOS/RestaurantPOS/tests/Unit/Domain/Policies/ReservationOrderItemStatusTransitionPolicyTest.php" tests="1" assertions="7" errors="0" failures="0" skipped="0" time="0.041527">
        <testcase name="test_order_item_transition_matrix_rejects_backward_terminal_mutations" file="/home/runner/work/RestaurantPOS/RestaurantPOS/tests/Unit/Domain/Policies/ReservationOrderItemStatusTransitionPolicyTest.php" line="13" class="Tests\Unit\Domain\Policies\ReservationOrderItemStatusTransitionPolicyTest" classname="Tests.Unit.Domain.Policies.ReservationOrderItemStatusTransitionPolicyTest" assertions="7" time="0.041527"/>
      </testsuite>
      <testsuite name="Tests\Unit\Domain\Policies\ReservationStatusTransitionPolicyTest" file="/home/runner/work/RestaurantPOS/RestaurantPOS/tests/Unit/Domain/Policies/ReservationStatusTransitionPolicyTest.php" tests="1" assertions="12" errors="0" failures="0" skipped="0" time="0.033412">
        <testcase name="test_reservation_transition_matrix_covers_valid_and_invalid_paths" file="/home/runner/work/RestaurantPOS/RestaurantPOS/tests/Unit/Domain/Policies/ReservationStatusTransitionPolicyTest.php" line="13" class="Tests\Unit\Domain\Policies\ReservationStatusTransitionPolicyTest" classname="Tests.Unit.Domain.Policies.ReservationStatusTransitionPolicyTest" assertions="12" time="0.033412"/>
      </testsuite>
      <testsuite name="Tests\Unit\Enums\ReservationStatusSemanticsTest" file="/home/runner/work/RestaurantPOS/RestaurantPOS/tests/Unit/Enums/ReservationStatusSemanticsTest.php" tests="1" assertions="9" errors="0" failures="0" skipped="0" time="0.008749">
        <testcase name="test_checked_in_helpers_keep_backward_compatible_reserved_value_explicit" file="/home/runner/work/RestaurantPOS/RestaurantPOS/tests/Unit/Enums/ReservationStatusSemanticsTest.php" line="12" class="Tests\Unit\Enums\ReservationStatusSemanticsTest" classname="Tests.Unit.Enums.ReservationStatusSemanticsTest" assertions="9" time="0.008749"/>
      </testsuite>
      <testsuite name="Tests\Unit\Http\Controllers\CustomerReservationPreorderLegacyRouteDeprecationHeadersTest" file="/home/runner/work/RestaurantPOS/RestaurantPOS/tests/Unit/Http/Controllers/CustomerReservationPreorderLegacyRouteDeprecationHeadersTest.php" tests="1" assertions="4" errors="0" failures="0" skipped="0" time="0.050781">
        <testcase name="test_legacy_preorder_show_alias_adds_deprecation_headers" file="/home/runner/work/RestaurantPOS/RestaurantPOS/tests/Unit/Http/Controllers/CustomerReservationPreorderLegacyRouteDeprecationHeadersTest.php" line="21" class="Tests\Unit\Http\Controllers\CustomerReservationPreorderLegacyRouteDeprecationHeadersTest" classname="Tests.Unit.Http.Controllers.CustomerReservationPreorderLegacyRouteDeprecationHeadersTest" assertions="4" time="0.050781"/>
      </testsuite>
      <testsuite name="Tests\Unit\Http\Controllers\StaffLegacyRouteDeprecationHeadersTest" file="/home/runner/work/RestaurantPOS/RestaurantPOS/tests/Unit/Http/Controllers/StaffLegacyRouteDeprecationHeadersTest.php" tests="1" assertions="6" errors="0" failures="0" skipped="0" time="0.041735">
        <testcase name="test_table_board_legacy_alias_adds_deprecation_headers" file="/home/runner/work/RestaurantPOS/RestaurantPOS/tests/Unit/Http/Controllers/StaffLegacyRouteDeprecationHeadersTest.php" line="23" class="Tests\Unit\Http\Controllers\StaffLegacyRouteDeprecationHeadersTest" classname="Tests.Unit.Http.Controllers.StaffLegacyRouteDeprecationHeadersTest" assertions="6" time="0.041735"/>
      </testsuite>
      <testsuite name="Tests\Unit\Http\CustomerOrStaffMiddlewareSessionContractTest" file="/home/runner/work/RestaurantPOS/RestaurantPOS/tests/Unit/Http/CustomerOrStaffMiddlewareSessionContractTest.php" tests="2" assertions="11" errors="0" failures="0" skipped="0" time="0.076253">
        <testcase name="test_post_reservations_session_flow_requires_an_owned_hold_that_resolves_to_a_user" file="/home/runner/work/RestaurantPOS/RestaurantPOS/tests/Unit/Http/CustomerOrStaffMiddlewareSessionContractTest.php" line="16" class="Tests\Unit\Http\CustomerOrStaffMiddlewareSessionContractTest" classname="Tests.Unit.Http.CustomerOrStaffMiddlewareSessionContractTest" assertions="6" time="0.042290"/>
        <testcase name="test_post_reservations_session_flow_is_rejected_when_hold_is_not_owned_by_a_real_user" file="/home/runner/work/RestaurantPOS/RestaurantPOS/tests/Unit/Http/CustomerOrStaffMiddlewareSessionContractTest.php" line="47" class="Tests\Unit\Http\CustomerOrStaffMiddlewareSessionContractTest" classname="Tests.Unit.Http.CustomerOrStaffMiddlewareSessionContractTest" assertions="5" time="0.033963"/>
      </testsuite>
      <testsuite name="Tests\Unit\Http\Middleware\AuditTrailActorResolverTest" file="/home/runner/work/RestaurantPOS/RestaurantPOS/tests/Unit/Http/Middleware/AuditTrailActorResolverTest.php" tests="3" assertions="9" errors="0" failures="0" skipped="0" time="0.087002">
        <testcase name="test_it_resolves_authenticated_staff_users_as_staff_audit_principals" file="/home/runner/work/RestaurantPOS/RestaurantPOS/tests/Unit/Http/Middleware/AuditTrailActorResolverTest.php" line="22" class="Tests\Unit\Http\Middleware\AuditTrailActorResolverTest" classname="Tests.Unit.Http.Middleware.AuditTrailActorResolverTest" assertions="3" time="0.043044"/>
        <testcase name="test_it_resolves_customer_access_session_principals_from_normalized_request_actor_context" file="/home/runner/work/RestaurantPOS/RestaurantPOS/tests/Unit/Http/Middleware/AuditTrailActorResolverTest.php" line="38" class="Tests\Unit\Http\Middleware\AuditTrailActorResolverTest" classname="Tests.Unit.Http.Middleware.AuditTrailActorResolverTest" assertions="3" time="0.022244"/>
        <testcase name="test_it_hashes_customer_session_actor_keys" file="/home/runner/work/RestaurantPOS/RestaurantPOS/tests/Unit/Http/Middleware/AuditTrailActorResolverTest.php" line="55" class="Tests\Unit\Http\Middleware\AuditTrailActorResolverTest" classname="Tests.Unit.Http.Middleware.AuditTrailActorResolverTest" assertions="3" time="0.021713"/>
      </testsuite>
      <testsuite name="Tests\Unit\Http\Middleware\CustomerOrStaffMiddlewareSessionFlowHotfixTest" file="/home/runner/work/RestaurantPOS/RestaurantPOS/tests/Unit/Http/Middleware/CustomerOrStaffMiddlewareSessionFlowHotfixTest.php" tests="4" assertions="14" errors="0" failures="0" skipped="0" time="0.121396">
        <testcase name="test_it_allows_session_bound_customer_list_flow_on_runtime_route_contract_without_staff_key" file="/home/runner/work/RestaurantPOS/RestaurantPOS/tests/Unit/Http/Middleware/CustomerOrStaffMiddlewareSessionFlowHotfixTest.php" line="16" class="Tests\Unit\Http\Middleware\CustomerOrStaffMiddlewareSessionFlowHotfixTest" classname="Tests.Unit.Http.Middleware.CustomerOrStaffMiddlewareSessionFlowHotfixTest" assertions="4" time="0.050217"/>
        <testcase name="test_it_allows_session_bound_customer_show_flow_on_runtime_route_contract_without_staff_key" file="/home/runner/work/RestaurantPOS/RestaurantPOS/tests/Unit/Http/Middleware/CustomerOrStaffMiddlewareSessionFlowHotfixTest.php" line="36" class="Tests\Unit\Http\Middleware\CustomerOrStaffMiddlewareSessionFlowHotfixTest" classname="Tests.Unit.Http.Middleware.CustomerOrStaffMiddlewareSessionFlowHotfixTest" assertions="4" time="0.022435"/>
        <testcase name="test_it_allows_session_bound_customer_cancel_flow_on_runtime_route_contract_without_staff_key" file="/home/runner/work/RestaurantPOS/RestaurantPOS/tests/Unit/Http/Middleware/CustomerOrStaffMiddlewareSessionFlowHotfixTest.php" line="56" class="Tests\Unit\Http\Middleware\CustomerOrStaffMiddlewareSessionFlowHotfixTest" classname="Tests.Unit.Http.Middleware.CustomerOrStaffMiddlewareSessionFlowHotfixTest" assertions="4" time="0.021349"/>
        <testcase name="test_it_does_not_fallback_to_session_flow_when_invalid_staff_key_is_present_for_cancel" file="/home/runner/work/RestaurantPOS/RestaurantPOS/tests/Unit/Http/Middleware/CustomerOrStaffMiddlewareSessionFlowHotfixTest.php" line="76" class="Tests\Unit\Http\Middleware\CustomerOrStaffMiddlewareSessionFlowHotfixTest" classname="Tests.Unit.Http.Middleware.CustomerOrStaffMiddlewareSessionFlowHotfixTest" assertions="2" time="0.027394"/>
      </testsuite>
      <testsuite name="Tests\Unit\Http\Middleware\CustomerOrStaffMiddlewareSessionPathTest" file="/home/runner/work/RestaurantPOS/RestaurantPOS/tests/Unit/Http/Middleware/CustomerOrStaffMiddlewareSessionPathTest.php" tests="4" assertions="19" errors="0" failures="0" skipped="0" time="0.139378">
        <testcase name="test_it_allows_session_bound_create_flow_on_runtime_route_contract" file="/home/runner/work/RestaurantPOS/RestaurantPOS/tests/Unit/Http/Middleware/CustomerOrStaffMiddlewareSessionPathTest.php" line="18" class="Tests\Unit\Http\Middleware\CustomerOrStaffMiddlewareSessionPathTest" classname="Tests.Unit.Http.Middleware.CustomerOrStaffMiddlewareSessionPathTest" assertions="7" time="0.064323"/>
        <testcase name="test_it_allows_session_bound_show_flow_on_runtime_route_contract" file="/home/runner/work/RestaurantPOS/RestaurantPOS/tests/Unit/Http/Middleware/CustomerOrStaffMiddlewareSessionPathTest.php" line="47" class="Tests\Unit\Http\Middleware\CustomerOrStaffMiddlewareSessionPathTest" classname="Tests.Unit.Http.Middleware.CustomerOrStaffMiddlewareSessionPathTest" assertions="4" time="0.022246"/>
        <testcase name="test_it_allows_session_bound_deposit_preview_flow_on_runtime_route_contract" file="/home/runner/work/RestaurantPOS/RestaurantPOS/tests/Unit/Http/Middleware/CustomerOrStaffMiddlewareSessionPathTest.php" line="69" class="Tests\Unit\Http\Middleware\CustomerOrStaffMiddlewareSessionPathTest" classname="Tests.Unit.Http.Middleware.CustomerOrStaffMiddlewareSessionPathTest" assertions="4" time="0.027159"/>
        <testcase name="test_it_allows_session_bound_deposit_payment_mutation_flow_on_runtime_route_contract" file="/home/runner/work/RestaurantPOS/RestaurantPOS/tests/Unit/Http/Middleware/CustomerOrStaffMiddlewareSessionPathTest.php" line="91" class="Tests\Unit\Http\Middleware\CustomerOrStaffMiddlewareSessionPathTest" classname="Tests.Unit.Http.Middleware.CustomerOrStaffMiddlewareSessionPathTest" assertions="4" time="0.025650"/>
      </testsuite>
      <testsuite name="Tests\Unit\Http\Middleware\CustomerOrStaffMiddlewareTest" file="/home/runner/work/RestaurantPOS/RestaurantPOS/tests/Unit/Http/Middleware/CustomerOrStaffMiddlewareTest.php" tests="6" assertions="24" errors="0" failures="0" skipped="0" time="0.178731">
        <testcase name="test_it_allows_session_bound_customer_flow_when_no_staff_key_is_provided" file="/home/runner/work/RestaurantPOS/RestaurantPOS/tests/Unit/Http/Middleware/CustomerOrStaffMiddlewareTest.php" line="25" class="Tests\Unit\Http\Middleware\CustomerOrStaffMiddlewareTest" classname="Tests.Unit.Http.Middleware.CustomerOrStaffMiddlewareTest" assertions="3" time="0.058461"/>
        <testcase name="test_it_does_not_silently_downgrade_to_customer_context_when_a_staff_key_is_invalid" file="/home/runner/work/RestaurantPOS/RestaurantPOS/tests/Unit/Http/Middleware/CustomerOrStaffMiddlewareTest.php" line="49" class="Tests\Unit\Http\Middleware\CustomerOrStaffMiddlewareTest" classname="Tests.Unit.Http.Middleware.CustomerOrStaffMiddlewareTest" assertions="2" time="0.029415"/>
        <testcase name="test_it_prefers_a_valid_staff_key_over_a_pre_resolved_customer_actor" file="/home/runner/work/RestaurantPOS/RestaurantPOS/tests/Unit/Http/Middleware/CustomerOrStaffMiddlewareTest.php" line="82" class="Tests\Unit\Http\Middleware\CustomerOrStaffMiddlewareTest" classname="Tests.Unit.Http.Middleware.CustomerOrStaffMiddlewareTest" assertions="8" time="0.022243"/>
        <testcase name="test_it_keeps_an_authenticated_customer_owner_context_when_a_session_hint_is_also_present" file="/home/runner/work/RestaurantPOS/RestaurantPOS/tests/Unit/Http/Middleware/CustomerOrStaffMiddlewareTest.php" line="137" class="Tests\Unit\Http\Middleware\CustomerOrStaffMiddlewareTest" classname="Tests.Unit.Http.Middleware.CustomerOrStaffMiddlewareTest" assertions="5" time="0.022301"/>
        <testcase name="test_it_does_not_fallback_to_session_flow_when_staff_key_is_invalid" file="/home/runner/work/RestaurantPOS/RestaurantPOS/tests/Unit/Http/Middleware/CustomerOrStaffMiddlewareTest.php" line="169" class="Tests\Unit\Http\Middleware\CustomerOrStaffMiddlewareTest" classname="Tests.Unit.Http.Middleware.CustomerOrStaffMiddlewareTest" assertions="2" time="0.020976"/>
        <testcase name="test_it_prefers_staff_actor_resolution_over_session_flow_when_staff_key_is_valid" file="/home/runner/work/RestaurantPOS/RestaurantPOS/tests/Unit/Http/Middleware/CustomerOrStaffMiddlewareTest.php" line="198" class="Tests\Unit\Http\Middleware\CustomerOrStaffMiddlewareTest" classname="Tests.Unit.Http.Middleware.CustomerOrStaffMiddlewareTest" assertions="4" time="0.025334"/>
      </testsuite>
      <testsuite name="Tests\Unit\Http\Middleware\IdempotencyMiddlewareLockingTest" file="/home/runner/work/RestaurantPOS/RestaurantPOS/tests/Unit/Http/Middleware/IdempotencyMiddlewareLockingTest.php" tests="2" assertions="4" errors="0" failures="0" skipped="0" time="0.103889">
        <testcase name="test_returns_in_progress_when_same_key_is_currently_locked" file="/home/runner/work/RestaurantPOS/RestaurantPOS/tests/Unit/Http/Middleware/IdempotencyMiddlewareLockingTest.php" line="25" class="Tests\Unit\Http\Middleware\IdempotencyMiddlewareLockingTest" classname="Tests.Unit.Http.Middleware.IdempotencyMiddlewareLockingTest" assertions="2" time="0.081355"/>
        <testcase name="test_returns_in_progress_when_pending_marker_exists_even_without_lock_contention" file="/home/runner/work/RestaurantPOS/RestaurantPOS/tests/Unit/Http/Middleware/IdempotencyMiddlewareLockingTest.php" line="68" class="Tests\Unit\Http\Middleware\IdempotencyMiddlewareLockingTest" classname="Tests.Unit.Http.Middleware.IdempotencyMiddlewareLockingTest" assertions="2" time="0.022534"/>
      </testsuite>
      <testsuite name="Tests\Unit\Http\Middleware\RequestActorContextTest" file="/home/runner/work/RestaurantPOS/RestaurantPOS/tests/Unit/Http/Middleware/RequestActorContextTest.php" tests="3" assertions="12" errors="0" failures="0" skipped="0" time="0.093789">
        <testcase name="test_it_prefers_an_authenticated_customer_owner_over_session_fallback" file="/home/runner/work/RestaurantPOS/RestaurantPOS/tests/Unit/Http/Middleware/RequestActorContextTest.php" line="23" class="Tests\Unit\Http\Middleware\RequestActorContextTest" classname="Tests.Unit.Http.Middleware.RequestActorContextTest" assertions="3" time="0.050225"/>
        <testcase name="test_it_resolves_an_authenticated_staff_user_without_bleeding_into_customer_session_flow" file="/home/runner/work/RestaurantPOS/RestaurantPOS/tests/Unit/Http/Middleware/RequestActorContextTest.php" line="37" class="Tests\Unit\Http\Middleware\RequestActorContextTest" classname="Tests.Unit.Http.Middleware.RequestActorContextTest" assertions="4" time="0.021616"/>
        <testcase name="test_it_preserves_explicit_customer_owner_type_without_reusing_a_staff_user_as_customer_actor" file="/home/runner/work/RestaurantPOS/RestaurantPOS/tests/Unit/Http/Middleware/RequestActorContextTest.php" line="52" class="Tests\Unit\Http\Middleware\RequestActorContextTest" classname="Tests.Unit.Http.Middleware.RequestActorContextTest" assertions="5" time="0.021949"/>
      </testsuite>
      <testsuite name="Tests\Unit\Http\Middleware\RequireStaffCapabilityTest" file="/home/runner/work/RestaurantPOS/RestaurantPOS/tests/Unit/Http/Middleware/RequireStaffCapabilityTest.php" tests="5" assertions="20" errors="0" failures="0" skipped="0" time="0.142674">
        <testcase name="test_it_allows_request_when_role_has_required_capability" file="/home/runner/work/RestaurantPOS/RestaurantPOS/tests/Unit/Http/Middleware/RequireStaffCapabilityTest.php" line="13" class="Tests\Unit\Http\Middleware\RequireStaffCapabilityTest" classname="Tests.Unit.Http.Middleware.RequireStaffCapabilityTest" assertions="4" time="0.051192"/>
        <testcase name="test_it_allows_request_when_role_has_wildcard_capability" file="/home/runner/work/RestaurantPOS/RestaurantPOS/tests/Unit/Http/Middleware/RequireStaffCapabilityTest.php" line="32" class="Tests\Unit\Http\Middleware\RequireStaffCapabilityTest" classname="Tests.Unit.Http.Middleware.RequireStaffCapabilityTest" assertions="2" time="0.021608"/>
        <testcase name="test_it_prefers_role_id_capabilities_when_present" file="/home/runner/work/RestaurantPOS/RestaurantPOS/tests/Unit/Http/Middleware/RequireStaffCapabilityTest.php" line="49" class="Tests\Unit\Http\Middleware\RequireStaffCapabilityTest" classname="Tests.Unit.Http.Middleware.RequireStaffCapabilityTest" assertions="3" time="0.021383"/>
        <testcase name="test_it_rejects_request_when_role_lacks_required_capability" file="/home/runner/work/RestaurantPOS/RestaurantPOS/tests/Unit/Http/Middleware/RequireStaffCapabilityTest.php" line="71" class="Tests\Unit\Http\Middleware\RequireStaffCapabilityTest" classname="Tests.Unit.Http.Middleware.RequireStaffCapabilityTest" assertions="5" time="0.021635"/>
        <testcase name="test_it_rejects_unknown_capability_even_for_wildcard_role_when_contract_enforcement_is_enabled" file="/home/runner/work/RestaurantPOS/RestaurantPOS/tests/Unit/Http/Middleware/RequireStaffCapabilityTest.php" line="91" class="Tests\Unit\Http\Middleware\RequireStaffCapabilityTest" classname="Tests.Unit.Http.Middleware.RequireStaffCapabilityTest" assertions="6" time="0.026856"/>
      </testsuite>
      <testsuite name="Tests\Unit\Http\Requests\FinalizeSettlementRequestContractTest" file="/home/runner/work/RestaurantPOS/RestaurantPOS/tests/Unit/Http/Requests/FinalizeSettlementRequestContractTest.php" tests="1" assertions="4" errors="0" failures="0" skipped="0" time="0.066471">
        <testcase name="test_finalize_settlement_request_reuses_checkout_contract" file="/home/runner/work/RestaurantPOS/RestaurantPOS/tests/Unit/Http/Requests/FinalizeSettlementRequestContractTest.php" line="13" class="Tests\Unit\Http\Requests\FinalizeSettlementRequestContractTest" classname="Tests.Unit.Http.Requests.FinalizeSettlementRequestContractTest" assertions="4" time="0.066471"/>
      </testsuite>
      <testsuite name="Tests\Unit\Http\Requests\MenuCompatibilityRequestContractTest" file="/home/runner/work/RestaurantPOS/RestaurantPOS/tests/Unit/Http/Requests/MenuCompatibilityRequestContractTest.php" tests="2" assertions="2" errors="0" failures="0" skipped="0" time="0.056012">
        <testcase name="test_update_menu_category_request_supports_legacy_id_route_parameter" file="/home/runner/work/RestaurantPOS/RestaurantPOS/tests/Unit/Http/Requests/MenuCompatibilityRequestContractTest.php" line="13" class="Tests\Unit\Http\Requests\MenuCompatibilityRequestContractTest" classname="Tests.Unit.Http.Requests.MenuCompatibilityRequestContractTest" assertions="1" time="0.034430"/>
        <testcase name="test_update_menu_item_request_supports_legacy_id_route_parameter" file="/home/runner/work/RestaurantPOS/RestaurantPOS/tests/Unit/Http/Requests/MenuCompatibilityRequestContractTest.php" line="21" class="Tests\Unit\Http\Requests\MenuCompatibilityRequestContractTest" classname="Tests.Unit.Http.Requests.MenuCompatibilityRequestContractTest" assertions="1" time="0.021582"/>
      </testsuite>
      <testsuite name="Tests\Unit\Http\ReservationStatusIdempotencyContractTest" file="/home/runner/work/RestaurantPOS/RestaurantPOS/tests/Unit/Http/ReservationStatusIdempotencyContractTest.php" tests="2" assertions="3" errors="0" failures="0" skipped="0" time="0.065071">
        <testcase name="reservation_status_route_requires_idempotency_scope" file="/home/runner/work/RestaurantPOS/RestaurantPOS/tests/Unit/Http/ReservationStatusIdempotencyContractTest.php" line="14" class="Tests\Unit\Http\ReservationStatusIdempotencyContractTest" classname="Tests.Unit.Http.ReservationStatusIdempotencyContractTest" assertions="2" time="0.043119"/>
        <testcase name="booking_config_declares_reservation_status_scope_as_required" file="/home/runner/work/RestaurantPOS/RestaurantPOS/tests/Unit/Http/ReservationStatusIdempotencyContractTest.php" line="27" class="Tests\Unit\Http\ReservationStatusIdempotencyContractTest" classname="Tests.Unit.Http.ReservationStatusIdempotencyContractTest" assertions="1" time="0.021951"/>
      </testsuite>
      <testsuite name="Tests\Unit\Http\Resources\ReservationResourceDepositSummaryScopeTest" file="/home/runner/work/RestaurantPOS/RestaurantPOS/tests/Unit/Http/Resources/ReservationResourceDepositSummaryScopeTest.php" tests="3" assertions="6" errors="0" failures="0" skipped="0" time="0.107906">
        <testcase name="test_owner_scope_exposes_enriched_deposit_summary_with_session_context" file="/home/runner/work/RestaurantPOS/RestaurantPOS/tests/Unit/Http/Resources/ReservationResourceDepositSummaryScopeTest.php" line="16" class="Tests\Unit\Http\Resources\ReservationResourceDepositSummaryScopeTest" classname="Tests.Unit.Http.Resources.ReservationResourceDepositSummaryScopeTest" assertions="4" time="0.049486"/>
        <testcase name="test_staff_scope_keeps_canonical_pending_deposit_status_in_summary" file="/home/runner/work/RestaurantPOS/RestaurantPOS/tests/Unit/Http/Resources/ReservationResourceDepositSummaryScopeTest.php" line="66" class="Tests\Unit\Http\Resources\ReservationResourceDepositSummaryScopeTest" classname="Tests.Unit.Http.Resources.ReservationResourceDepositSummaryScopeTest" assertions="1" time="0.036249"/>
        <testcase name="test_session_scope_keeps_deposit_summary_redacted" file="/home/runner/work/RestaurantPOS/RestaurantPOS/tests/Unit/Http/Resources/ReservationResourceDepositSummaryScopeTest.php" line="102" class="Tests\Unit\Http\Resources\ReservationResourceDepositSummaryScopeTest" classname="Tests.Unit.Http.Resources.ReservationResourceDepositSummaryScopeTest" assertions="1" time="0.022170"/>
      </testsuite>
      <testsuite name="Tests\Unit\Http\Resources\ReservationResourceScopeTest" file="/home/runner/work/RestaurantPOS/RestaurantPOS/tests/Unit/Http/Resources/ReservationResourceScopeTest.php" tests="2" assertions="15" errors="0" failures="0" skipped="0" time="0.076066">
        <testcase name="it_redacts_sensitive_fields_for_session_scope" file="/home/runner/work/RestaurantPOS/RestaurantPOS/tests/Unit/Http/Resources/ReservationResourceScopeTest.php" line="19" class="Tests\Unit\Http\Resources\ReservationResourceScopeTest" classname="Tests.Unit.Http.Resources.ReservationResourceScopeTest" assertions="9" time="0.052180"/>
        <testcase name="it_keeps_owner_fields_visible" file="/home/runner/work/RestaurantPOS/RestaurantPOS/tests/Unit/Http/Resources/ReservationResourceScopeTest.php" line="40" class="Tests\Unit\Http\Resources\ReservationResourceScopeTest" classname="Tests.Unit.Http.Resources.ReservationResourceScopeTest" assertions="6" time="0.023886"/>
      </testsuite>
      <testsuite name="Tests\Unit\Infrastructure\ApiArtifactReleaseManifestSyncTest" file="/home/runner/work/RestaurantPOS/RestaurantPOS/tests/Unit/Infrastructure/ApiArtifactReleaseManifestSyncTest.php" tests="11" assertions="46" errors="0" failures="0" skipped="0" time="0.265109">
        <testcase name="test_composer_api_artifacts_script_follows_the_explicit_openapi_to_manifest_sequence" file="/home/runner/work/RestaurantPOS/RestaurantPOS/tests/Unit/Infrastructure/ApiArtifactReleaseManifestSyncTest.php" line="12" class="Tests\Unit\Infrastructure\ApiArtifactReleaseManifestSyncTest" classname="Tests.Unit.Infrastructure.ApiArtifactReleaseManifestSyncTest" assertions="1" time="0.043151"/>
        <testcase name="test_composer_release_package_script_uses_the_canonical_release_build_command" file="/home/runner/work/RestaurantPOS/RestaurantPOS/tests/Unit/Infrastructure/ApiArtifactReleaseManifestSyncTest.php" line="23" class="Tests\Unit\Infrastructure\ApiArtifactReleaseManifestSyncTest" classname="Tests.Unit.Infrastructure.ApiArtifactReleaseManifestSyncTest" assertions="1" time="0.022194"/>
        <testcase name="test_composer_release_loop_script_uses_the_canonical_release_loop_command" file="/home/runner/work/RestaurantPOS/RestaurantPOS/tests/Unit/Infrastructure/ApiArtifactReleaseManifestSyncTest.php" line="32" class="Tests\Unit\Infrastructure\ApiArtifactReleaseManifestSyncTest" classname="Tests.Unit.Infrastructure.ApiArtifactReleaseManifestSyncTest" assertions="1" time="0.021601"/>
        <testcase name="test_powershell_api_artifact_wrapper_refreshes_openapi_and_manifest_explicitly" file="/home/runner/work/RestaurantPOS/RestaurantPOS/tests/Unit/Infrastructure/ApiArtifactReleaseManifestSyncTest.php" line="41" class="Tests\Unit\Infrastructure\ApiArtifactReleaseManifestSyncTest" classname="Tests.Unit.Infrastructure.ApiArtifactReleaseManifestSyncTest" assertions="4" time="0.021379"/>
        <testcase name="test_release_wrappers_use_the_canonical_release_build_command" file="/home/runner/work/RestaurantPOS/RestaurantPOS/tests/Unit/Infrastructure/ApiArtifactReleaseManifestSyncTest.php" line="51" class="Tests\Unit\Infrastructure\ApiArtifactReleaseManifestSyncTest" classname="Tests.Unit.Infrastructure.ApiArtifactReleaseManifestSyncTest" assertions="4" time="0.028853"/>
        <testcase name="test_ci_release_gate_uses_the_canonical_release_loop_command" file="/home/runner/work/RestaurantPOS/RestaurantPOS/tests/Unit/Infrastructure/ApiArtifactReleaseManifestSyncTest.php" line="62" class="Tests\Unit\Infrastructure\ApiArtifactReleaseManifestSyncTest" classname="Tests.Unit.Infrastructure.ApiArtifactReleaseManifestSyncTest" assertions="3" time="0.021682"/>
        <testcase name="test_launch_readiness_runbook_uses_operator_manual_evidence_paths_instead_of_test_fixtures" file="/home/runner/work/RestaurantPOS/RestaurantPOS/tests/Unit/Infrastructure/ApiArtifactReleaseManifestSyncTest.php" line="71" class="Tests\Unit\Infrastructure\ApiArtifactReleaseManifestSyncTest" classname="Tests.Unit.Infrastructure.ApiArtifactReleaseManifestSyncTest" assertions="8" time="0.021330"/>
        <testcase name="test_api_consumer_artifact_runbook_documents_generated_provenance_lanes" file="/home/runner/work/RestaurantPOS/RestaurantPOS/tests/Unit/Infrastructure/ApiArtifactReleaseManifestSyncTest.php" line="88" class="Tests\Unit\Infrastructure\ApiArtifactReleaseManifestSyncTest" classname="Tests.Unit.Infrastructure.ApiArtifactReleaseManifestSyncTest" assertions="10" time="0.021366"/>
        <testcase name="test_deploy_runbook_requires_recorded_known_good_package_basenames_for_rollback" file="/home/runner/work/RestaurantPOS/RestaurantPOS/tests/Unit/Infrastructure/ApiArtifactReleaseManifestSyncTest.php" line="107" class="Tests\Unit\Infrastructure\ApiArtifactReleaseManifestSyncTest" classname="Tests.Unit.Infrastructure.ApiArtifactReleaseManifestSyncTest" assertions="4" time="0.021661"/>
        <testcase name="test_release_packaging_runbook_points_operator_to_release_handoff_fields" file="/home/runner/work/RestaurantPOS/RestaurantPOS/tests/Unit/Infrastructure/ApiArtifactReleaseManifestSyncTest.php" line="117" class="Tests\Unit\Infrastructure\ApiArtifactReleaseManifestSyncTest" classname="Tests.Unit.Infrastructure.ApiArtifactReleaseManifestSyncTest" assertions="3" time="0.020948"/>
        <testcase name="test_api_contract_docs_list_the_current_locked_rollout_aliases" file="/home/runner/work/RestaurantPOS/RestaurantPOS/tests/Unit/Infrastructure/ApiArtifactReleaseManifestSyncTest.php" line="126" class="Tests\Unit\Infrastructure\ApiArtifactReleaseManifestSyncTest" classname="Tests.Unit.Infrastructure.ApiArtifactReleaseManifestSyncTest" assertions="7" time="0.020945"/>
      </testsuite>
      <testsuite name="Tests\Unit\Infrastructure\ApiMutationContractRunbookTest" file="/home/runner/work/RestaurantPOS/RestaurantPOS/tests/Unit/Infrastructure/ApiMutationContractRunbookTest.php" tests="3" assertions="47" errors="0" failures="0" skipped="0" time="0.168151">
        <testcase name="test_runbook_documents_required_mutation_contract_columns_and_sources" file="/home/runner/work/RestaurantPOS/RestaurantPOS/tests/Unit/Infrastructure/ApiMutationContractRunbookTest.php" line="11" class="Tests\Unit\Infrastructure\ApiMutationContractRunbookTest" classname="Tests.Unit.Infrastructure.ApiMutationContractRunbookTest" assertions="11" time="0.124887"/>
        <testcase name="test_runbook_covers_go_live_priority_mutation_routes" file="/home/runner/work/RestaurantPOS/RestaurantPOS/tests/Unit/Infrastructure/ApiMutationContractRunbookTest.php" line="31" class="Tests\Unit\Infrastructure\ApiMutationContractRunbookTest" classname="Tests.Unit.Infrastructure.ApiMutationContractRunbookTest" assertions="30" time="0.021739"/>
        <testcase name="test_runbook_records_legacy_order_read_cleanup" file="/home/runner/work/RestaurantPOS/RestaurantPOS/tests/Unit/Infrastructure/ApiMutationContractRunbookTest.php" line="72" class="Tests\Unit\Infrastructure\ApiMutationContractRunbookTest" classname="Tests.Unit.Infrastructure.ApiMutationContractRunbookTest" assertions="6" time="0.021525"/>
      </testsuite>
      <testsuite name="Tests\Unit\Infrastructure\DatabaseReleaseContractArtifactSyncTest" file="/home/runner/work/RestaurantPOS/RestaurantPOS/tests/Unit/Infrastructure/DatabaseReleaseContractArtifactSyncTest.php" tests="22" assertions="264" errors="0" failures="0" skipped="0" time="0.531017">
        <testcase name="test_bootstrap_wrappers_reference_release_contract_verification_script" file="/home/runner/work/RestaurantPOS/RestaurantPOS/tests/Unit/Infrastructure/DatabaseReleaseContractArtifactSyncTest.php" line="12" class="Tests\Unit\Infrastructure\DatabaseReleaseContractArtifactSyncTest" classname="Tests.Unit.Infrastructure.DatabaseReleaseContractArtifactSyncTest" assertions="6" time="0.052103"/>
        <testcase name="test_booking_bootstrap_can_forward_skip_create_database_to_release_wrapper" file="/home/runner/work/RestaurantPOS/RestaurantPOS/tests/Unit/Infrastructure/DatabaseReleaseContractArtifactSyncTest.php" line="24" class="Tests\Unit\Infrastructure\DatabaseReleaseContractArtifactSyncTest" classname="Tests.Unit.Infrastructure.DatabaseReleaseContractArtifactSyncTest" assertions="5" time="0.021911"/>
        <testcase name="test_release_bootstrap_keeps_mysql_cli_primary_with_local_docker_fallback" file="/home/runner/work/RestaurantPOS/RestaurantPOS/tests/Unit/Infrastructure/DatabaseReleaseContractArtifactSyncTest.php" line="38" class="Tests\Unit\Infrastructure\DatabaseReleaseContractArtifactSyncTest" classname="Tests.Unit.Infrastructure.DatabaseReleaseContractArtifactSyncTest" assertions="8" time="0.021403"/>
        <testcase name="test_ci_bootstrap_uses_canonical_composer_wrapper_without_creating_database" file="/home/runner/work/RestaurantPOS/RestaurantPOS/tests/Unit/Infrastructure/DatabaseReleaseContractArtifactSyncTest.php" line="55" class="Tests\Unit\Infrastructure\DatabaseReleaseContractArtifactSyncTest" classname="Tests.Unit.Infrastructure.DatabaseReleaseContractArtifactSyncTest" assertions="8" time="0.021731"/>
        <testcase name="test_staff_branch_assignment_patch_seeds_canonical_operational_role_ids" file="/home/runner/work/RestaurantPOS/RestaurantPOS/tests/Unit/Infrastructure/DatabaseReleaseContractArtifactSyncTest.php" line="72" class="Tests\Unit\Infrastructure\DatabaseReleaseContractArtifactSyncTest" classname="Tests.Unit.Infrastructure.DatabaseReleaseContractArtifactSyncTest" assertions="8" time="0.021723"/>
        <testcase name="test_smoke_gate_refreshes_scheduler_heartbeat_after_cache_clear" file="/home/runner/work/RestaurantPOS/RestaurantPOS/tests/Unit/Infrastructure/DatabaseReleaseContractArtifactSyncTest.php" line="93" class="Tests\Unit\Infrastructure\DatabaseReleaseContractArtifactSyncTest" classname="Tests.Unit.Infrastructure.DatabaseReleaseContractArtifactSyncTest" assertions="7" time="0.029827"/>
        <testcase name="test_runtime_smoke_rebuilds_reporting_snapshots_before_deploy_check" file="/home/runner/work/RestaurantPOS/RestaurantPOS/tests/Unit/Infrastructure/DatabaseReleaseContractArtifactSyncTest.php" line="109" class="Tests\Unit\Infrastructure\DatabaseReleaseContractArtifactSyncTest" classname="Tests.Unit.Infrastructure.DatabaseReleaseContractArtifactSyncTest" assertions="3" time="0.021933"/>
        <testcase name="test_reliability_smoke_refreshes_scheduler_heartbeat_before_strict_doctor" file="/home/runner/work/RestaurantPOS/RestaurantPOS/tests/Unit/Infrastructure/DatabaseReleaseContractArtifactSyncTest.php" line="121" class="Tests\Unit\Infrastructure\DatabaseReleaseContractArtifactSyncTest" classname="Tests.Unit.Infrastructure.DatabaseReleaseContractArtifactSyncTest" assertions="6" time="0.021513"/>
        <testcase name="test_full_gate_runs_complete_test_static_analysis_and_style_gates" file="/home/runner/work/RestaurantPOS/RestaurantPOS/tests/Unit/Infrastructure/DatabaseReleaseContractArtifactSyncTest.php" line="143" class="Tests\Unit\Infrastructure\DatabaseReleaseContractArtifactSyncTest" classname="Tests.Unit.Infrastructure.DatabaseReleaseContractArtifactSyncTest" assertions="4" time="0.021713"/>
        <testcase name="test_deploy_scripts_include_json_outbox_health_gate" file="/home/runner/work/RestaurantPOS/RestaurantPOS/tests/Unit/Infrastructure/DatabaseReleaseContractArtifactSyncTest.php" line="156" class="Tests\Unit\Infrastructure\DatabaseReleaseContractArtifactSyncTest" classname="Tests.Unit.Infrastructure.DatabaseReleaseContractArtifactSyncTest" assertions="4" time="0.021858"/>
        <testcase name="test_deploy_preflight_script_emits_strict_json_evidence" file="/home/runner/work/RestaurantPOS/RestaurantPOS/tests/Unit/Infrastructure/DatabaseReleaseContractArtifactSyncTest.php" line="167" class="Tests\Unit\Infrastructure\DatabaseReleaseContractArtifactSyncTest" classname="Tests.Unit.Infrastructure.DatabaseReleaseContractArtifactSyncTest" assertions="4" time="0.021739"/>
        <testcase name="test_ci_workflows_enable_mysql_routine_creation_before_bootstrap" file="/home/runner/work/RestaurantPOS/RestaurantPOS/tests/Unit/Infrastructure/DatabaseReleaseContractArtifactSyncTest.php" line="180" class="Tests\Unit\Infrastructure\DatabaseReleaseContractArtifactSyncTest" classname="Tests.Unit.Infrastructure.DatabaseReleaseContractArtifactSyncTest" assertions="14" time="0.021395"/>
        <testcase name="test_release_gate_artifact_upload_excludes_transient_stage_directories" file="/home/runner/work/RestaurantPOS/RestaurantPOS/tests/Unit/Infrastructure/DatabaseReleaseContractArtifactSyncTest.php" line="199" class="Tests\Unit\Infrastructure\DatabaseReleaseContractArtifactSyncTest" classname="Tests.Unit.Infrastructure.DatabaseReleaseContractArtifactSyncTest" assertions="3" time="0.022755"/>
        <testcase name="test_release_contract_verification_and_docs_cover_april_five_foundations" file="/home/runner/work/RestaurantPOS/RestaurantPOS/tests/Unit/Infrastructure/DatabaseReleaseContractArtifactSyncTest.php" line="211" class="Tests\Unit\Infrastructure\DatabaseReleaseContractArtifactSyncTest" classname="Tests.Unit.Infrastructure.DatabaseReleaseContractArtifactSyncTest" assertions="17" time="0.022249"/>
        <testcase name="test_release_artifacts_do_not_reinstall_runtime_incompatible_payment_refund_triggers" file="/home/runner/work/RestaurantPOS/RestaurantPOS/tests/Unit/Infrastructure/DatabaseReleaseContractArtifactSyncTest.php" line="245" class="Tests\Unit\Infrastructure\DatabaseReleaseContractArtifactSyncTest" classname="Tests.Unit.Infrastructure.DatabaseReleaseContractArtifactSyncTest" assertions="14" time="0.029796"/>
        <testcase name="test_release_artifacts_keep_confirmed_holds_out_of_live_overlap_trigger_scope" file="/home/runner/work/RestaurantPOS/RestaurantPOS/tests/Unit/Infrastructure/DatabaseReleaseContractArtifactSyncTest.php" line="271" class="Tests\Unit\Infrastructure\DatabaseReleaseContractArtifactSyncTest" classname="Tests.Unit.Infrastructure.DatabaseReleaseContractArtifactSyncTest" assertions="12" time="0.022750"/>
        <testcase name="test_kitchen_branch_routing_patch_derives_backfill_branch_from_existing_branch_data" file="/home/runner/work/RestaurantPOS/RestaurantPOS/tests/Unit/Infrastructure/DatabaseReleaseContractArtifactSyncTest.php" line="308" class="Tests\Unit\Infrastructure\DatabaseReleaseContractArtifactSyncTest" classname="Tests.Unit.Infrastructure.DatabaseReleaseContractArtifactSyncTest" assertions="9" time="0.022143"/>
        <testcase name="test_release_artifacts_restore_critical_branch_foreign_keys" file="/home/runner/work/RestaurantPOS/RestaurantPOS/tests/Unit/Infrastructure/DatabaseReleaseContractArtifactSyncTest.php" line="323" class="Tests\Unit\Infrastructure\DatabaseReleaseContractArtifactSyncTest" classname="Tests.Unit.Infrastructure.DatabaseReleaseContractArtifactSyncTest" assertions="24" time="0.023163"/>
        <testcase name="test_release_artifacts_restore_cashier_shift_finance_user_foreign_keys" file="/home/runner/work/RestaurantPOS/RestaurantPOS/tests/Unit/Infrastructure/DatabaseReleaseContractArtifactSyncTest.php" line="369" class="Tests\Unit\Infrastructure\DatabaseReleaseContractArtifactSyncTest" classname="Tests.Unit.Infrastructure.DatabaseReleaseContractArtifactSyncTest" assertions="59" time="0.022577"/>
        <testcase name="test_release_artifacts_link_payments_to_cashier_shifts_for_reconciliation" file="/home/runner/work/RestaurantPOS/RestaurantPOS/tests/Unit/Infrastructure/DatabaseReleaseContractArtifactSyncTest.php" line="443" class="Tests\Unit\Infrastructure\DatabaseReleaseContractArtifactSyncTest" classname="Tests.Unit.Infrastructure.DatabaseReleaseContractArtifactSyncTest" assertions="16" time="0.022232"/>
        <testcase name="test_release_contract_gates_completed_paid_service_reservations_missing_bill_snapshot" file="/home/runner/work/RestaurantPOS/RestaurantPOS/tests/Unit/Infrastructure/DatabaseReleaseContractArtifactSyncTest.php" line="477" class="Tests\Unit\Infrastructure\DatabaseReleaseContractArtifactSyncTest" classname="Tests.Unit.Infrastructure.DatabaseReleaseContractArtifactSyncTest" assertions="21" time="0.021839"/>
        <testcase name="test_schema_dump_db_all_verifier_contain_chk_reservation_order_items_line_total_matches" file="/home/runner/work/RestaurantPOS/RestaurantPOS/tests/Unit/Infrastructure/DatabaseReleaseContractArtifactSyncTest.php" line="524" class="Tests\Unit\Infrastructure\DatabaseReleaseContractArtifactSyncTest" classname="Tests.Unit.Infrastructure.DatabaseReleaseContractArtifactSyncTest" assertions="12" time="0.022664"/>
      </testsuite>
      <testsuite name="Tests\Unit\Infrastructure\GoLiveCandidateGateContractTest" file="/home/runner/work/RestaurantPOS/RestaurantPOS/tests/Unit/Infrastructure/GoLiveCandidateGateContractTest.php" tests="3" assertions="53" errors="0" failures="0" skipped="0" time="0.268209">
        <testcase name="test_root_scripts_expose_go_live_candidate_gate" file="/home/runner/work/RestaurantPOS/RestaurantPOS/tests/Unit/Infrastructure/GoLiveCandidateGateContractTest.php" line="11" class="Tests\Unit\Infrastructure\GoLiveCandidateGateContractTest" classname="Tests.Unit.Infrastructure.GoLiveCandidateGateContractTest" assertions="5" time="0.223419"/>
        <testcase name="test_go_live_script_reuses_existing_release_and_ladder_commands" file="/home/runner/work/RestaurantPOS/RestaurantPOS/tests/Unit/Infrastructure/GoLiveCandidateGateContractTest.php" line="28" class="Tests\Unit\Infrastructure\GoLiveCandidateGateContractTest" classname="Tests.Unit.Infrastructure.GoLiveCandidateGateContractTest" assertions="16" time="0.022385"/>
        <testcase name="test_go_live_checklist_documents_required_no_go_conditions" file="/home/runner/work/RestaurantPOS/RestaurantPOS/tests/Unit/Infrastructure/GoLiveCandidateGateContractTest.php" line="54" class="Tests\Unit\Infrastructure\GoLiveCandidateGateContractTest" classname="Tests.Unit.Infrastructure.GoLiveCandidateGateContractTest" assertions="32" time="0.022406"/>
      </testsuite>
      <testsuite name="Tests\Unit\Infrastructure\LegacyPathCleanupEvidenceTest" file="/home/runner/work/RestaurantPOS/RestaurantPOS/tests/Unit/Infrastructure/LegacyPathCleanupEvidenceTest.php" tests="6" assertions="66" errors="0" failures="0" skipped="0" time="0.224926">
        <testcase name="test_app_namespace_path_parity_has_no_mismatches" file="/home/runner/work/RestaurantPOS/RestaurantPOS/tests/Unit/Infrastructure/LegacyPathCleanupEvidenceTest.php" line="20" class="Tests\Unit\Infrastructure\LegacyPathCleanupEvidenceTest" classname="Tests.Unit.Infrastructure.LegacyPathCleanupEvidenceTest" assertions="1" time="0.079816"/>
        <testcase name="test_no_module_or_platform_compatibility_shims_remain_under_app" file="/home/runner/work/RestaurantPOS/RestaurantPOS/tests/Unit/Infrastructure/LegacyPathCleanupEvidenceTest.php" line="56" class="Tests\Unit\Infrastructure\LegacyPathCleanupEvidenceTest" classname="Tests.Unit.Infrastructure.LegacyPathCleanupEvidenceTest" assertions="1" time="0.044062"/>
        <testcase name="test_customer_waiting_list_owner_flow_stays_on_canonical_controller_service_and_requests" file="/home/runner/work/RestaurantPOS/RestaurantPOS/tests/Unit/Infrastructure/LegacyPathCleanupEvidenceTest.php" line="84" class="Tests\Unit\Infrastructure\LegacyPathCleanupEvidenceTest" classname="Tests.Unit.Infrastructure.LegacyPathCleanupEvidenceTest" assertions="28" time="0.024876"/>
        <testcase name="test_legacy_waiting_list_and_staff_order_read_residue_has_been_removed" file="/home/runner/work/RestaurantPOS/RestaurantPOS/tests/Unit/Infrastructure/LegacyPathCleanupEvidenceTest.php" line="112" class="Tests\Unit\Infrastructure\LegacyPathCleanupEvidenceTest" classname="Tests.Unit.Infrastructure.LegacyPathCleanupEvidenceTest" assertions="22" time="0.022991"/>
        <testcase name="test_staff_table_board_legacy_alias_is_kept_as_explicit_compatibility_route" file="/home/runner/work/RestaurantPOS/RestaurantPOS/tests/Unit/Infrastructure/LegacyPathCleanupEvidenceTest.php" line="144" class="Tests\Unit\Infrastructure\LegacyPathCleanupEvidenceTest" classname="Tests.Unit.Infrastructure.LegacyPathCleanupEvidenceTest" assertions="4" time="0.029821"/>
        <testcase name="test_staff_order_reads_stay_on_guarded_read_controller" file="/home/runner/work/RestaurantPOS/RestaurantPOS/tests/Unit/Infrastructure/LegacyPathCleanupEvidenceTest.php" line="156" class="Tests\Unit\Infrastructure\LegacyPathCleanupEvidenceTest" classname="Tests.Unit.Infrastructure.LegacyPathCleanupEvidenceTest" assertions="10" time="0.023360"/>
      </testsuite>
      <testsuite name="Tests\Unit\Infrastructure\LocalRuntimeScriptContractTest" file="/home/runner/work/RestaurantPOS/RestaurantPOS/tests/Unit/Infrastructure/LocalRuntimeScriptContractTest.php" tests="10" assertions="80" errors="0" failures="0" skipped="0" time="0.286742">
        <testcase name="test_package_json_exposes_unified_local_runtime_commands" file="/home/runner/work/RestaurantPOS/RestaurantPOS/tests/Unit/Infrastructure/LocalRuntimeScriptContractTest.php" line="11" class="Tests\Unit\Infrastructure\LocalRuntimeScriptContractTest" classname="Tests.Unit.Infrastructure.LocalRuntimeScriptContractTest" assertions="13" time="0.078996"/>
        <testcase name="test_runtime_docs_reference_the_one_liner_local_lane" file="/home/runner/work/RestaurantPOS/RestaurantPOS/tests/Unit/Infrastructure/LocalRuntimeScriptContractTest.php" line="56" class="Tests\Unit\Infrastructure\LocalRuntimeScriptContractTest" classname="Tests.Unit.Infrastructure.LocalRuntimeScriptContractTest" assertions="7" time="0.022485"/>
        <testcase name="test_cross_platform_runtime_wrapper_keeps_docker_compose_as_local_only_fallback" file="/home/runner/work/RestaurantPOS/RestaurantPOS/tests/Unit/Infrastructure/LocalRuntimeScriptContractTest.php" line="70" class="Tests\Unit\Infrastructure\LocalRuntimeScriptContractTest" classname="Tests.Unit.Infrastructure.LocalRuntimeScriptContractTest" assertions="10" time="0.022268"/>
        <testcase name="test_runtime_script_keeps_repo_local_backend_on_127001_unless_app_url_explicitly_pins_an_endpoint" file="/home/runner/work/RestaurantPOS/RestaurantPOS/tests/Unit/Infrastructure/LocalRuntimeScriptContractTest.php" line="88" class="Tests\Unit\Infrastructure\LocalRuntimeScriptContractTest" classname="Tests.Unit.Infrastructure.LocalRuntimeScriptContractTest" assertions="5" time="0.022650"/>
        <testcase name="test_runtime_script_wraps_repo_process_lookups_before_counting_shutdown_targets" file="/home/runner/work/RestaurantPOS/RestaurantPOS/tests/Unit/Infrastructure/LocalRuntimeScriptContractTest.php" line="99" class="Tests\Unit\Infrastructure\LocalRuntimeScriptContractTest" classname="Tests.Unit.Infrastructure.LocalRuntimeScriptContractTest" assertions="5" time="0.021934"/>
        <testcase name="test_dev_backend_mysql_failure_message_preserves_npm_commands" file="/home/runner/work/RestaurantPOS/RestaurantPOS/tests/Unit/Infrastructure/LocalRuntimeScriptContractTest.php" line="110" class="Tests\Unit\Infrastructure\LocalRuntimeScriptContractTest" classname="Tests.Unit.Infrastructure.LocalRuntimeScriptContractTest" assertions="3" time="0.022177"/>
        <testcase name="test_dev_runtime_preserves_existing_database_unless_reset_is_requested" file="/home/runner/work/RestaurantPOS/RestaurantPOS/tests/Unit/Infrastructure/LocalRuntimeScriptContractTest.php" line="125" class="Tests\Unit\Infrastructure\LocalRuntimeScriptContractTest" classname="Tests.Unit.Infrastructure.LocalRuntimeScriptContractTest" assertions="12" time="0.029655"/>
        <testcase name="test_windows_runtime_wrappers_can_discover_common_local_tool_paths" file="/home/runner/work/RestaurantPOS/RestaurantPOS/tests/Unit/Infrastructure/LocalRuntimeScriptContractTest.php" line="145" class="Tests\Unit\Infrastructure\LocalRuntimeScriptContractTest" classname="Tests.Unit.Infrastructure.LocalRuntimeScriptContractTest" assertions="10" time="0.022145"/>
        <testcase name="test_runtime_dependency_scripts_can_reuse_external_mysql_and_redis_services" file="/home/runner/work/RestaurantPOS/RestaurantPOS/tests/Unit/Infrastructure/LocalRuntimeScriptContractTest.php" line="160" class="Tests\Unit\Infrastructure\LocalRuntimeScriptContractTest" classname="Tests.Unit.Infrastructure.LocalRuntimeScriptContractTest" assertions="7" time="0.021954"/>
        <testcase name="test_runtime_preflight_can_discover_common_windows_php_binary" file="/home/runner/work/RestaurantPOS/RestaurantPOS/tests/Unit/Infrastructure/LocalRuntimeScriptContractTest.php" line="175" class="Tests\Unit\Infrastructure\LocalRuntimeScriptContractTest" classname="Tests.Unit.Infrastructure.LocalRuntimeScriptContractTest" assertions="8" time="0.022476"/>
      </testsuite>
      <testsuite name="Tests\Unit\Infrastructure\UatScriptContractTest" file="/home/runner/work/RestaurantPOS/RestaurantPOS/tests/Unit/Infrastructure/UatScriptContractTest.php" tests="2" assertions="7" errors="0" failures="0" skipped="0" time="0.137125">
        <testcase name="test_bootstrap_script_keeps_literal_cli_commands_in_next_step_guidance" file="/home/runner/work/RestaurantPOS/RestaurantPOS/tests/Unit/Infrastructure/UatScriptContractTest.php" line="11" class="Tests\Unit\Infrastructure\UatScriptContractTest" classname="Tests.Unit.Infrastructure.UatScriptContractTest" assertions="4" time="0.113907"/>
        <testcase name="test_reset_script_keeps_literal_cli_commands_in_next_step_guidance" file="/home/runner/work/RestaurantPOS/RestaurantPOS/tests/Unit/Infrastructure/UatScriptContractTest.php" line="27" class="Tests\Unit\Infrastructure\UatScriptContractTest" classname="Tests.Unit.Infrastructure.UatScriptContractTest" assertions="3" time="0.023218"/>
      </testsuite>
      <testsuite name="Tests\Unit\Models\HasRowVersionTest" file="/home/runner/work/RestaurantPOS/RestaurantPOS/tests/Unit/Models/HasRowVersionTest.php" tests="2" assertions="2" errors="0" failures="0" skipped="0" time="0.521438">
        <testcase name="test_reservation_save_increments_row_version_on_update" file="/home/runner/work/RestaurantPOS/RestaurantPOS/tests/Unit/Models/HasRowVersionTest.php" line="24" class="Tests\Unit\Models\HasRowVersionTest" classname="Tests.Unit.Models.HasRowVersionTest" assertions="1" time="0.268860"/>
        <testcase name="test_reservation_order_save_increments_row_version_on_update" file="/home/runner/work/RestaurantPOS/RestaurantPOS/tests/Unit/Models/HasRowVersionTest.php" line="39" class="Tests\Unit\Models\HasRowVersionTest" classname="Tests.Unit.Models.HasRowVersionTest" assertions="1" time="0.252577"/>
      </testsuite>
      <testsuite name="Tests\Unit\Resources\ReservationOrderResourceContractTest" file="/home/runner/work/RestaurantPOS/RestaurantPOS/tests/Unit/Resources/ReservationOrderResourceContractTest.php" tests="1" assertions="4" errors="0" failures="0" skipped="0" time="0.046285">
        <testcase name="test_resource_exposes_workflow_metadata_for_reservation_scoped_settlement" file="/home/runner/work/RestaurantPOS/RestaurantPOS/tests/Unit/Resources/ReservationOrderResourceContractTest.php" line="14" class="Tests\Unit\Resources\ReservationOrderResourceContractTest" classname="Tests.Unit.Resources.ReservationOrderResourceContractTest" assertions="4" time="0.046285"/>
      </testsuite>
      <testsuite name="Tests\Unit\Resources\ReservationResourceVisibilityTest" file="/home/runner/work/RestaurantPOS/RestaurantPOS/tests/Unit/Resources/ReservationResourceVisibilityTest.php" tests="1" assertions="6" errors="0" failures="0" skipped="0" time="0.037920">
        <testcase name="test_session_scope_redacts_sensitive_user_fields" file="/home/runner/work/RestaurantPOS/RestaurantPOS/tests/Unit/Resources/ReservationResourceVisibilityTest.php" line="15" class="Tests\Unit\Resources\ReservationResourceVisibilityTest" classname="Tests.Unit.Resources.ReservationResourceVisibilityTest" assertions="6" time="0.037920"/>
      </testsuite>
      <testsuite name="Tests\Unit\Services\AI\ConversationAiAssistBuilderTest" file="/home/runner/work/RestaurantPOS/RestaurantPOS/tests/Unit/Services/AI/ConversationAiAssistBuilderTest.php" tests="3" assertions="27" errors="0" failures="0" skipped="0" time="0.088071">
        <testcase name="test_it_builds_a_ready_summary_with_actions_and_risk_flags" file="/home/runner/work/RestaurantPOS/RestaurantPOS/tests/Unit/Services/AI/ConversationAiAssistBuilderTest.php" line="21" class="Tests\Unit\Services\AI\ConversationAiAssistBuilderTest" classname="Tests.Unit.Services.AI.ConversationAiAssistBuilderTest" assertions="15" time="0.041123"/>
        <testcase name="test_it_returns_a_disabled_fallback_without_blocking_the_thread" file="/home/runner/work/RestaurantPOS/RestaurantPOS/tests/Unit/Services/AI/ConversationAiAssistBuilderTest.php" line="95" class="Tests\Unit\Services\AI\ConversationAiAssistBuilderTest" classname="Tests.Unit.Services.AI.ConversationAiAssistBuilderTest" assertions="6" time="0.023225"/>
        <testcase name="test_historical_waiting_list_threads_do_not_get_forced_high_priority" file="/home/runner/work/RestaurantPOS/RestaurantPOS/tests/Unit/Services/AI/ConversationAiAssistBuilderTest.php" line="132" class="Tests\Unit\Services\AI\ConversationAiAssistBuilderTest" classname="Tests.Unit.Services.AI.ConversationAiAssistBuilderTest" assertions="6" time="0.023724"/>
      </testsuite>
      <testsuite name="Tests\Unit\Services\ApiContract\FormRequestSchemaFactoryTest" file="/home/runner/work/RestaurantPOS/RestaurantPOS/tests/Unit/Services/ApiContract/FormRequestSchemaFactoryTest.php" tests="3" assertions="13" errors="0" failures="0" skipped="0" time="0.110541">
        <testcase name="test_it_describes_nested_store_reservation_payloads_without_resolving_validation" file="/home/runner/work/RestaurantPOS/RestaurantPOS/tests/Unit/Services/ApiContract/FormRequestSchemaFactoryTest.php" line="15" class="Tests\Unit\Services\ApiContract\FormRequestSchemaFactoryTest" classname="Tests.Unit.Services.ApiContract.FormRequestSchemaFactoryTest" assertions="5" time="0.055053"/>
        <testcase name="test_it_extracts_query_parameters_for_branch_listing_requests" file="/home/runner/work/RestaurantPOS/RestaurantPOS/tests/Unit/Services/ApiContract/FormRequestSchemaFactoryTest.php" line="29" class="Tests\Unit\Services\ApiContract\FormRequestSchemaFactoryTest" classname="Tests.Unit.Services.ApiContract.FormRequestSchemaFactoryTest" assertions="5" time="0.032605"/>
        <testcase name="test_it_handles_required_row_version_requests_without_throwing_validation_exceptions" file="/home/runner/work/RestaurantPOS/RestaurantPOS/tests/Unit/Services/ApiContract/FormRequestSchemaFactoryTest.php" line="41" class="Tests\Unit\Services\ApiContract\FormRequestSchemaFactoryTest" classname="Tests.Unit.Services.ApiContract.FormRequestSchemaFactoryTest" assertions="3" time="0.022883"/>
      </testsuite>
      <testsuite name="Tests\Unit\Services\BookingDeploySafetyServiceTest" file="/home/runner/work/RestaurantPOS/RestaurantPOS/tests/Unit/Services/BookingDeploySafetyServiceTest.php" tests="14" assertions="88" errors="0" failures="0" skipped="3" time="5.179823">
        <testcase name="test_preflight_passes_when_guard_tables_are_clean" file="/home/runner/work/RestaurantPOS/RestaurantPOS/tests/Unit/Services/BookingDeploySafetyServiceTest.php" line="109" class="Tests\Unit\Services\BookingDeploySafetyServiceTest" classname="Tests.Unit.Services.BookingDeploySafetyServiceTest" assertions="26" time="0.521793"/>
        <testcase name="test_preflight_fails_when_direct_stock_movements_create_negative_aggregate" file="/home/runner/work/RestaurantPOS/RestaurantPOS/tests/Unit/Services/BookingDeploySafetyServiceTest.php" line="169" class="Tests\Unit\Services\BookingDeploySafetyServiceTest" classname="Tests.Unit.Services.BookingDeploySafetyServiceTest" assertions="10" time="0.462429"/>
        <testcase name="test_preflight_fails_when_direct_stock_movements_have_impossible_signs" file="/home/runner/work/RestaurantPOS/RestaurantPOS/tests/Unit/Services/BookingDeploySafetyServiceTest.php" line="198" class="Tests\Unit\Services\BookingDeploySafetyServiceTest" classname="Tests.Unit.Services.BookingDeploySafetyServiceTest" assertions="0" time="0.090449">
          <skipped/>
        </testcase>
        <testcase name="test_preflight_passes_valid_stock_receipt_adjustment_and_consumption_paths" file="/home/runner/work/RestaurantPOS/RestaurantPOS/tests/Unit/Services/BookingDeploySafetyServiceTest.php" line="227" class="Tests\Unit\Services\BookingDeploySafetyServiceTest" classname="Tests.Unit.Services.BookingDeploySafetyServiceTest" assertions="3" time="0.470268"/>
        <testcase name="test_preflight_reports_structured_runtime_error_when_data_guards_throw" file="/home/runner/work/RestaurantPOS/RestaurantPOS/tests/Unit/Services/BookingDeploySafetyServiceTest.php" line="274" class="Tests\Unit\Services\BookingDeploySafetyServiceTest" classname="Tests.Unit.Services.BookingDeploySafetyServiceTest" assertions="5" time="0.355606"/>
        <testcase name="test_preflight_fails_fast_when_database_runtime_is_unavailable" file="/home/runner/work/RestaurantPOS/RestaurantPOS/tests/Unit/Services/BookingDeploySafetyServiceTest.php" line="294" class="Tests\Unit\Services\BookingDeploySafetyServiceTest" classname="Tests.Unit.Services.BookingDeploySafetyServiceTest" assertions="11" time="0.230619"/>
        <testcase name="test_preflight_surfaces_runtime_incompatible_payment_refund_trigger_guard" file="/home/runner/work/RestaurantPOS/RestaurantPOS/tests/Unit/Services/BookingDeploySafetyServiceTest.php" line="337" class="Tests\Unit\Services\BookingDeploySafetyServiceTest" classname="Tests.Unit.Services.BookingDeploySafetyServiceTest" assertions="4" time="0.458251"/>
        <testcase name="test_preflight_fails_when_fail_fast_data_is_dirty" file="/home/runner/work/RestaurantPOS/RestaurantPOS/tests/Unit/Services/BookingDeploySafetyServiceTest.php" line="365" class="Tests\Unit\Services\BookingDeploySafetyServiceTest" classname="Tests.Unit.Services.BookingDeploySafetyServiceTest" assertions="11" time="0.485963"/>
        <testcase name="test_preflight_fails_when_purchase_receipt_stock_movement_reference_is_duplicated" file="/home/runner/work/RestaurantPOS/RestaurantPOS/tests/Unit/Services/BookingDeploySafetyServiceTest.php" line="505" class="Tests\Unit\Services\BookingDeploySafetyServiceTest" classname="Tests.Unit.Services.BookingDeploySafetyServiceTest" assertions="0" time="0.089461">
          <skipped/>
        </testcase>
        <testcase name="test_preflight_fails_when_refunds_exceed_source_payment_amount" file="/home/runner/work/RestaurantPOS/RestaurantPOS/tests/Unit/Services/BookingDeploySafetyServiceTest.php" line="566" class="Tests\Unit\Services\BookingDeploySafetyServiceTest" classname="Tests.Unit.Services.BookingDeploySafetyServiceTest" assertions="4" time="0.492929"/>
        <testcase name="test_preflight_fails_when_refund_lineage_crosses_reservation_or_currency_scope" file="/home/runner/work/RestaurantPOS/RestaurantPOS/tests/Unit/Services/BookingDeploySafetyServiceTest.php" line="602" class="Tests\Unit\Services\BookingDeploySafetyServiceTest" classname="Tests.Unit.Services.BookingDeploySafetyServiceTest" assertions="7" time="0.485310"/>
        <testcase name="test_preflight_fails_when_refund_source_is_missing_or_not_refundable" file="/home/runner/work/RestaurantPOS/RestaurantPOS/tests/Unit/Services/BookingDeploySafetyServiceTest.php" line="643" class="Tests\Unit\Services\BookingDeploySafetyServiceTest" classname="Tests.Unit.Services.BookingDeploySafetyServiceTest" assertions="5" time="0.480943"/>
        <testcase name="test_preflight_fails_when_refund_rows_have_impossible_state_or_duplicate_references" file="/home/runner/work/RestaurantPOS/RestaurantPOS/tests/Unit/Services/BookingDeploySafetyServiceTest.php" line="688" class="Tests\Unit\Services\BookingDeploySafetyServiceTest" classname="Tests.Unit.Services.BookingDeploySafetyServiceTest" assertions="0" time="0.093210">
          <skipped/>
        </testcase>
        <testcase name="test_preflight_fails_when_full_dump_contains_definers" file="/home/runner/work/RestaurantPOS/RestaurantPOS/tests/Unit/Services/BookingDeploySafetyServiceTest.php" line="769" class="Tests\Unit\Services\BookingDeploySafetyServiceTest" classname="Tests.Unit.Services.BookingDeploySafetyServiceTest" assertions="2" time="0.462593"/>
      </testsuite>
      <testsuite name="Tests\Unit\Services\BookingEnvironmentValidatorTest" file="/home/runner/work/RestaurantPOS/RestaurantPOS/tests/Unit/Services/BookingEnvironmentValidatorTest.php" tests="18" assertions="74" errors="0" failures="0" skipped="0" time="0.550135">
        <testcase name="test_it_passes_when_core_booking_configuration_is_valid" file="/home/runner/work/RestaurantPOS/RestaurantPOS/tests/Unit/Services/BookingEnvironmentValidatorTest.php" line="71" class="Tests\Unit\Services\BookingEnvironmentValidatorTest" classname="Tests.Unit.Services.BookingEnvironmentValidatorTest" assertions="4" time="0.152537"/>
        <testcase name="test_it_reports_errors_for_invalid_scheduler_and_outbox_configuration" file="/home/runner/work/RestaurantPOS/RestaurantPOS/tests/Unit/Services/BookingEnvironmentValidatorTest.php" line="82" class="Tests\Unit\Services\BookingEnvironmentValidatorTest" classname="Tests.Unit.Services.BookingEnvironmentValidatorTest" assertions="4" time="0.023386"/>
        <testcase name="test_it_warns_based_on_configured_driver_not_connection_alias" file="/home/runner/work/RestaurantPOS/RestaurantPOS/tests/Unit/Services/BookingEnvironmentValidatorTest.php" line="97" class="Tests\Unit\Services\BookingEnvironmentValidatorTest" classname="Tests.Unit.Services.BookingEnvironmentValidatorTest" assertions="4" time="0.022496"/>
        <testcase name="test_it_reports_warnings_for_optional_but_risky_configuration" file="/home/runner/work/RestaurantPOS/RestaurantPOS/tests/Unit/Services/BookingEnvironmentValidatorTest.php" line="114" class="Tests\Unit\Services\BookingEnvironmentValidatorTest" classname="Tests.Unit.Services.BookingEnvironmentValidatorTest" assertions="4" time="0.022319"/>
[...]
      </testsuite>
      <testsuite name="Tests\Feature\Support\BuildsBookingScenarioSchemaIdempotencyTest" file="/home/runner/work/RestaurantPOS/RestaurantPOS/tests/Feature/Support/BuildsBookingScenarioSchemaIdempotencyTest.php" tests="1" assertions="2" errors="0" failures="0" skipped="0" time="0.435450">
        <testcase name="test_require_booking_schema_can_run_twice_without_readding_notification_outbox_indexes" file="/home/runner/work/RestaurantPOS/RestaurantPOS/tests/Feature/Support/BuildsBookingScenarioSchemaIdempotencyTest.php" line="15" class="Tests\Feature\Support\BuildsBookingScenarioSchemaIdempotencyTest" classname="Tests.Feature.Support.BuildsBookingScenarioSchemaIdempotencyTest" assertions="2" time="0.435450"/>
      </testsuite>
      <testsuite name="Tests\Feature\Support\VoucherUsageGuardTest" file="/home/runner/work/RestaurantPOS/RestaurantPOS/tests/Feature/Support/VoucherUsageGuardTest.php" tests="3" assertions="3" errors="0" failures="0" skipped="0" time="0.110434">
        <testcase name="test_it_rejects_total_usage_above_voucher_cap" file="/home/runner/work/RestaurantPOS/RestaurantPOS/tests/Feature/Support/VoucherUsageGuardTest.php" line="65" class="Tests\Feature\Support\VoucherUsageGuardTest" classname="Tests.Feature.Support.VoucherUsageGuardTest" assertions="1" time="0.026926"/>
        <testcase name="test_it_allows_revalidating_the_same_used_row_when_excluded" file="/home/runner/work/RestaurantPOS/RestaurantPOS/tests/Feature/Support/VoucherUsageGuardTest.php" line="84" class="Tests\Feature\Support\VoucherUsageGuardTest" classname="Tests.Feature.Support.VoucherUsageGuardTest" assertions="1" time="0.059840"/>
        <testcase name="test_it_rejects_per_user_usage_above_cap" file="/home/runner/work/RestaurantPOS/RestaurantPOS/tests/Feature/Support/VoucherUsageGuardTest.php" line="103" class="Tests\Feature\Support\VoucherUsageGuardTest" classname="Tests.Feature.Support.VoucherUsageGuardTest" assertions="1" time="0.023668"/>
      </testsuite>
      <testsuite name="Tests\Feature\Table\TableAvailabilityFeatureTest" file="/home/runner/work/RestaurantPOS/RestaurantPOS/tests/Feature/Table/TableAvailabilityFeatureTest.php" tests="7" assertions="29" errors="0" failures="0" skipped="0" time="2.385781">
        <testcase name="test_available_endpoint_excludes_overlaps_and_keeps_own_session_hold_visible_for_same_session" file="/home/runner/work/RestaurantPOS/RestaurantPOS/tests/Feature/Table/TableAvailabilityFeatureTest.php" line="24" class="Tests\Feature\Table\TableAvailabilityFeatureTest" classname="Tests.Feature.Table.TableAvailabilityFeatureTest" assertions="6" time="0.268677"/>
        <testcase name="test_available_endpoint_hides_same_hold_without_matching_session_context" file="/home/runner/work/RestaurantPOS/RestaurantPOS/tests/Feature/Table/TableAvailabilityFeatureTest.php" line="77" class="Tests\Feature\Table\TableAvailabilityFeatureTest" classname="Tests.Feature.Table.TableAvailabilityFeatureTest" assertions="2" time="0.246567"/>
        <testcase name="test_available_endpoint_applies_turnover_buffer_and_filters_blocked_and_maintenance_tables" file="/home/runner/work/RestaurantPOS/RestaurantPOS/tests/Feature/Table/TableAvailabilityFeatureTest.php" line="108" class="Tests\Feature\Table\TableAvailabilityFeatureTest" classname="Tests.Feature.Table.TableAvailabilityFeatureTest" assertions="5" time="0.260639"/>
        <testcase name="test_available_endpoint_real_time_window_only_returns_tables_currently_marked_available" file="/home/runner/work/RestaurantPOS/RestaurantPOS/tests/Feature/Table/TableAvailabilityFeatureTest.php" line="156" class="Tests\Feature\Table\TableAvailabilityFeatureTest" classname="Tests.Feature.Table.TableAvailabilityFeatureTest" assertions="3" time="0.284306"/>
        <testcase name="test_available_endpoint_uses_table_branch_even_when_reservation_and_hold_branch_copies_drift" file="/home/runner/work/RestaurantPOS/RestaurantPOS/tests/Feature/Table/TableAvailabilityFeatureTest.php" line="179" class="Tests\Feature\Table\TableAvailabilityFeatureTest" classname="Tests.Feature.Table.TableAvailabilityFeatureTest" assertions="2" time="0.454485"/>
        <testcase name="test_available_endpoint_reports_branch_policy_rejection_for_closure_window" file="/home/runner/work/RestaurantPOS/RestaurantPOS/tests/Feature/Table/TableAvailabilityFeatureTest.php" line="223" class="Tests\Feature\Table\TableAvailabilityFeatureTest" classname="Tests.Feature.Table.TableAvailabilityFeatureTest" assertions="6" time="0.436581"/>
        <testcase name="test_available_endpoint_returns_no_tables_when_branch_scheduling_configuration_is_invalid" file="/home/runner/work/RestaurantPOS/RestaurantPOS/tests/Feature/Table/TableAvailabilityFeatureTest.php" line="267" class="Tests\Feature\Table\TableAvailabilityFeatureTest" classname="Tests.Feature.Table.TableAvailabilityFeatureTest" assertions="5" time="0.434527"/>
      </testsuite>
      <testsuite name="Tests\Feature\Table\TableHoldHttpFlowTest" file="/home/runner/work/RestaurantPOS/RestaurantPOS/tests/Feature/Table/TableHoldHttpFlowTest.php" tests="10" assertions="88" errors="0" failures="0" skipped="0" time="2.863408">
        <testcase name="test_session_can_create_show_refresh_and_cancel_hold_via_http_flow" file="/home/runner/work/RestaurantPOS/RestaurantPOS/tests/Feature/Table/TableHoldHttpFlowTest.php" line="41" class="Tests\Feature\Table\TableHoldHttpFlowTest" classname="Tests.Feature.Table.TableHoldHttpFlowTest" assertions="18" time="0.286608"/>
        <testcase name="test_hold_create_is_idempotent_and_show_rejects_wrong_session" file="/home/runner/work/RestaurantPOS/RestaurantPOS/tests/Feature/Table/TableHoldHttpFlowTest.php" line="100" class="Tests\Feature\Table\TableHoldHttpFlowTest" classname="Tests.Feature.Table.TableHoldHttpFlowTest" assertions="9" time="0.308547"/>
        <testcase name="test_same_session_create_replaces_previous_live_hold" file="/home/runner/work/RestaurantPOS/RestaurantPOS/tests/Feature/Table/TableHoldHttpFlowTest.php" line="132" class="Tests\Feature\Table\TableHoldHttpFlowTest" classname="Tests.Feature.Table.TableHoldHttpFlowTest" assertions="10" time="0.274292"/>
        <testcase name="test_future_hold_can_use_currently_occupied_table_when_time_window_is_free" file="/home/runner/work/RestaurantPOS/RestaurantPOS/tests/Feature/Table/TableHoldHttpFlowTest.php" line="176" class="Tests\Feature\Table\TableHoldHttpFlowTest" classname="Tests.Feature.Table.TableHoldHttpFlowTest" assertions="3" time="0.250190"/>
        <testcase name="test_second_session_cannot_create_conflicting_hold_for_same_table_window_once_first_hold_exists" file="/home/runner/work/RestaurantPOS/RestaurantPOS/tests/Feature/Table/TableHoldHttpFlowTest.php" line="195" class="Tests\Feature\Table\TableHoldHttpFlowTest" classname="Tests.Feature.Table.TableHoldHttpFlowTest" assertions="7" time="0.263556"/>
        <testcase name="test_hold_create_rejects_branch_local_window_outside_business_hours" file="/home/runner/work/RestaurantPOS/RestaurantPOS/tests/Feature/Table/TableHoldHttpFlowTest.php" line="228" class="Tests\Feature\Table\TableHoldHttpFlowTest" classname="Tests.Feature.Table.TableHoldHttpFlowTest" assertions="3" time="0.440724"/>
        <testcase name="test_refresh_rejects_stale_row_version" file="/home/runner/work/RestaurantPOS/RestaurantPOS/tests/Feature/Table/TableHoldHttpFlowTest.php" line="261" class="Tests\Feature\Table\TableHoldHttpFlowTest" classname="Tests.Feature.Table.TableHoldHttpFlowTest" assertions="5" time="0.277361"/>
        <testcase name="test_confirmed_hold_artifact_does_not_block_new_live_hold_for_same_session" file="/home/runner/work/RestaurantPOS/RestaurantPOS/tests/Feature/Table/TableHoldHttpFlowTest.php" line="285" class="Tests\Feature\Table\TableHoldHttpFlowTest" classname="Tests.Feature.Table.TableHoldHttpFlowTest" assertions="4" time="0.261211"/>
        <testcase name="test_staff_without_reservation_manage_cannot_override_table_hold_routes_without_session_scope" file="/home/runner/work/RestaurantPOS/RestaurantPOS/tests/Feature/Table/TableHoldHttpFlowTest.php" line="321" class="Tests\Feature\Table\TableHoldHttpFlowTest" classname="Tests.Feature.Table.TableHoldHttpFlowTest" assertions="20" time="0.242359"/>
        <testcase name="test_staff_with_reservation_manage_can_show_refresh_and_cancel_hold_without_session_scope" file="/home/runner/work/RestaurantPOS/RestaurantPOS/tests/Feature/Table/TableHoldHttpFlowTest.php" line="376" class="Tests\Feature\Table\TableHoldHttpFlowTest" classname="Tests.Feature.Table.TableHoldHttpFlowTest" assertions="9" time="0.258561"/>
      </testsuite>
      <testsuite name="Tests\Feature\WaitingList\CustomerWaitingListOwnerContractHttpFlowTest" file="/home/runner/work/RestaurantPOS/RestaurantPOS/tests/Feature/WaitingList/CustomerWaitingListOwnerContractHttpFlowTest.php" tests="14" assertions="250" errors="0" failures="0" skipped="0" time="8.206529">
        <testcase name="test_authenticated_owner_can_create_show_and_list_waiting_entries_with_canonical_owner_contract" file="/home/runner/work/RestaurantPOS/RestaurantPOS/tests/Feature/WaitingList/CustomerWaitingListOwnerContractHttpFlowTest.php" line="30" class="Tests\Feature\WaitingList\CustomerWaitingListOwnerContractHttpFlowTest" classname="Tests.Feature.WaitingList.CustomerWaitingListOwnerContractHttpFlowTest" assertions="88" time="0.755062"/>
        <testcase name="test_guest_session_headers_are_rejected_for_owner_only_waiting_list_contract" file="/home/runner/work/RestaurantPOS/RestaurantPOS/tests/Feature/WaitingList/CustomerWaitingListOwnerContractHttpFlowTest.php" line="108" class="Tests\Feature\WaitingList\CustomerWaitingListOwnerContractHttpFlowTest" classname="Tests.Feature.WaitingList.CustomerWaitingListOwnerContractHttpFlowTest" assertions="2" time="0.230293"/>
        <testcase name="test_active_customer_access_session_id_without_customer_token_is_forbidden_for_owner_only_waiting_list_contract" file="/home/runner/work/RestaurantPOS/RestaurantPOS/tests/Feature/WaitingList/CustomerWaitingListOwnerContractHttpFlowTest.php" line="124" class="Tests\Feature\WaitingList\CustomerWaitingListOwnerContractHttpFlowTest" classname="Tests.Feature.WaitingList.CustomerWaitingListOwnerContractHttpFlowTest" assertions="2" time="0.457102"/>
        <testcase name="test_pre_resolved_staff_user_is_rejected_under_owner_only_waiting_list_contract" file="/home/runner/work/RestaurantPOS/RestaurantPOS/tests/Feature/WaitingList/CustomerWaitingListOwnerContractHttpFlowTest.php" line="147" class="Tests\Feature\WaitingList\CustomerWaitingListOwnerContractHttpFlowTest" classname="Tests.Feature.WaitingList.CustomerWaitingListOwnerContractHttpFlowTest" assertions="2" time="0.232237"/>
        <testcase name="test_owner_can_accept_notified_entry_within_open_window_using_canonical_owner_contract" file="/home/runner/work/RestaurantPOS/RestaurantPOS/tests/Feature/WaitingList/CustomerWaitingListOwnerContractHttpFlowTest.php" line="166" class="Tests\Feature\WaitingList\CustomerWaitingListOwnerContractHttpFlowTest" classname="Tests.Feature.WaitingList.CustomerWaitingListOwnerContractHttpFlowTest" assertions="33" time="0.709784"/>
        <testcase name="test_owner_decline_cancels_entry_instead_of_returning_it_to_waiting_and_releases_notify_hold" file="/home/runner/work/RestaurantPOS/RestaurantPOS/tests/Feature/WaitingList/CustomerWaitingListOwnerContractHttpFlowTest.php" line="218" class="Tests\Feature\WaitingList\CustomerWaitingListOwnerContractHttpFlowTest" classname="Tests.Feature.WaitingList.CustomerWaitingListOwnerContractHttpFlowTest" assertions="34" time="0.767095"/>
        <testcase name="test_owner_confirm_arrival_returns_staff_seat_meta_without_legacy_lifecycle_payload_or_persisted_customer_response_fields" file="/home/runner/work/RestaurantPOS/RestaurantPOS/tests/Feature/WaitingList/CustomerWaitingListOwnerContractHttpFlowTest.php" line="272" class="Tests\Feature\WaitingList\CustomerWaitingListOwnerContractHttpFlowTest" classname="Tests.Feature.WaitingList.CustomerWaitingListOwnerContractHttpFlowTest" assertions="35" time="0.717051"/>
        <testcase name="test_non_owner_show_and_mutation_follow_current_access_contract" file="/home/runner/work/RestaurantPOS/RestaurantPOS/tests/Feature/WaitingList/CustomerWaitingListOwnerContractHttpFlowTest.php" line="327" class="Tests\Feature\WaitingList\CustomerWaitingListOwnerContractHttpFlowTest" classname="Tests.Feature.WaitingList.CustomerWaitingListOwnerContractHttpFlowTest" assertions="4" time="0.930509"/>
        <testcase name="test_owner_cannot_accept_or_confirm_arrival_after_notify_window_has_expired" file="/home/runner/work/RestaurantPOS/RestaurantPOS/tests/Feature/WaitingList/CustomerWaitingListOwnerContractHttpFlowTest.php" line="364" class="Tests\Feature\WaitingList\CustomerWaitingListOwnerContractHttpFlowTest" classname="Tests.Feature.WaitingList.CustomerWaitingListOwnerContractHttpFlowTest" assertions="6" time="0.680719"/>
        <testcase name="test_owner_cannot_accept_or_confirm_when_entry_is_not_in_notified_state" file="/home/runner/work/RestaurantPOS/RestaurantPOS/tests/Feature/WaitingList/CustomerWaitingListOwnerContractHttpFlowTest.php" line="397" class="Tests\Feature\WaitingList\CustomerWaitingListOwnerContractHttpFlowTest" classname="Tests.Feature.WaitingList.CustomerWaitingListOwnerContractHttpFlowTest" assertions="6" time="0.681264"/>
        <testcase name="test_owner_can_cancel_owned_waiting_entry_with_row_version" file="/home/runner/work/RestaurantPOS/RestaurantPOS/tests/Feature/WaitingList/CustomerWaitingListOwnerContractHttpFlowTest.php" line="434" class="Tests\Feature\WaitingList\CustomerWaitingListOwnerContractHttpFlowTest" classname="Tests.Feature.WaitingList.CustomerWaitingListOwnerContractHttpFlowTest" assertions="29" time="0.707898"/>
        <testcase name="test_owner_create_rejects_when_active_waiting_entry_already_exists" file="/home/runner/work/RestaurantPOS/RestaurantPOS/tests/Feature/WaitingList/CustomerWaitingListOwnerContractHttpFlowTest.php" line="473" class="Tests\Feature\WaitingList\CustomerWaitingListOwnerContractHttpFlowTest" classname="Tests.Feature.WaitingList.CustomerWaitingListOwnerContractHttpFlowTest" assertions="3" time="0.656717"/>
        <testcase name="test_expired_customer_access_session_is_rejected_for_owner_only_waiting_list_routes_even_with_session_header" file="/home/runner/work/RestaurantPOS/RestaurantPOS/tests/Feature/WaitingList/CustomerWaitingListOwnerContractHttpFlowTest.php" line="494" class="Tests\Feature\WaitingList\CustomerWaitingListOwnerContractHttpFlowTest" classname="Tests.Feature.WaitingList.CustomerWaitingListOwnerContractHttpFlowTest" assertions="4" time="0.453887"/>
        <testcase name="test_unauthenticated_request_is_rejected" file="/home/runner/work/RestaurantPOS/RestaurantPOS/tests/Feature/WaitingList/CustomerWaitingListOwnerContractHttpFlowTest.php" line="526" class="Tests\Feature\WaitingList\CustomerWaitingListOwnerContractHttpFlowTest" classname="Tests.Feature.WaitingList.CustomerWaitingListOwnerContractHttpFlowTest" assertions="2" time="0.226912"/>
      </testsuite>
      <testsuite name="Tests\Feature\WaitingList\CustomerWaitingListOwnerResponseFlowTest" file="/home/runner/work/RestaurantPOS/RestaurantPOS/tests/Feature/WaitingList/CustomerWaitingListOwnerResponseFlowTest.php" tests="5" assertions="48" errors="0" failures="0" skipped="0" time="0.530018">
        <testcase name="test_owner_can_list_and_show_only_owned_waiting_entries" file="/home/runner/work/RestaurantPOS/RestaurantPOS/tests/Feature/WaitingList/CustomerWaitingListOwnerResponseFlowTest.php" line="47" class="Tests\Feature\WaitingList\CustomerWaitingListOwnerResponseFlowTest" classname="Tests.Feature.WaitingList.CustomerWaitingListOwnerResponseFlowTest" assertions="9" time="0.108235"/>
        <testcase name="test_owner_can_accept_notified_entry_within_open_window" file="/home/runner/work/RestaurantPOS/RestaurantPOS/tests/Feature/WaitingList/CustomerWaitingListOwnerResponseFlowTest.php" line="83" class="Tests\Feature\WaitingList\CustomerWaitingListOwnerResponseFlowTest" classname="Tests.Feature.WaitingList.CustomerWaitingListOwnerResponseFlowTest" assertions="12" time="0.130057"/>
        <testcase name="test_owner_can_decline_notified_entry_and_active_hold_is_cancelled" file="/home/runner/work/RestaurantPOS/RestaurantPOS/tests/Feature/WaitingList/CustomerWaitingListOwnerResponseFlowTest.php" line="121" class="Tests\Feature\WaitingList\CustomerWaitingListOwnerResponseFlowTest" classname="Tests.Feature.WaitingList.CustomerWaitingListOwnerResponseFlowTest" assertions="12" time="0.095239"/>
        <testcase name="test_owner_can_cancel_waiting_entry_before_notify" file="/home/runner/work/RestaurantPOS/RestaurantPOS/tests/Feature/WaitingList/CustomerWaitingListOwnerResponseFlowTest.php" line="159" class="Tests\Feature\WaitingList\CustomerWaitingListOwnerResponseFlowTest" classname="Tests.Feature.WaitingList.CustomerWaitingListOwnerResponseFlowTest" assertions="4" time="0.094075"/>
        <testcase name="test_owner_response_rejects_non_owner_expired_window_and_invalid_state" file="/home/runner/work/RestaurantPOS/RestaurantPOS/tests/Feature/WaitingList/CustomerWaitingListOwnerResponseFlowTest.php" line="181" class="Tests\Feature\WaitingList\CustomerWaitingListOwnerResponseFlowTest" classname="Tests.Feature.WaitingList.CustomerWaitingListOwnerResponseFlowTest" assertions="11" time="0.102412"/>
      </testsuite>
      <testsuite name="Tests\Feature\WaitingList\CustomerWaitingListSelfServiceHttpFlowTest" file="/home/runner/work/RestaurantPOS/RestaurantPOS/tests/Feature/WaitingList/CustomerWaitingListSelfServiceHttpFlowTest.php" tests="3" assertions="27" errors="0" failures="0" skipped="0" time="0.991858">
        <testcase name="test_legacy_guest_session_self_service_contract_is_rejected_under_owner_only_waiting_list_flow" file="/home/runner/work/RestaurantPOS/RestaurantPOS/tests/Feature/WaitingList/CustomerWaitingListSelfServiceHttpFlowTest.php" line="28" class="Tests\Feature\WaitingList\CustomerWaitingListSelfServiceHttpFlowTest" classname="Tests.Feature.WaitingList.CustomerWaitingListSelfServiceHttpFlowTest" assertions="2" time="0.231127"/>
        <testcase name="test_owner_resource_uses_canonical_shape_and_omits_legacy_self_service_lifecycle_fields" file="/home/runner/work/RestaurantPOS/RestaurantPOS/tests/Feature/WaitingList/CustomerWaitingListSelfServiceHttpFlowTest.php" line="44" class="Tests\Feature\WaitingList\CustomerWaitingListSelfServiceHttpFlowTest" classname="Tests.Feature.WaitingList.CustomerWaitingListSelfServiceHttpFlowTest" assertions="13" time="0.274025"/>
        <testcase name="test_owner_decline_canonical_semantics_cancel_entry_instead_of_returning_to_waiting" file="/home/runner/work/RestaurantPOS/RestaurantPOS/tests/Feature/WaitingList/CustomerWaitingListSelfServiceHttpFlowTest.php" line="74" class="Tests\Feature\WaitingList\CustomerWaitingListSelfServiceHttpFlowTest" classname="Tests.Feature.WaitingList.CustomerWaitingListSelfServiceHttpFlowTest" assertions="12" time="0.486706"/>
      </testsuite>
      <testsuite name="Tests\Feature\WaitingList\WaitingListRuntimeContractDriftTest" file="/home/runner/work/RestaurantPOS/RestaurantPOS/tests/Feature/WaitingList/WaitingListRuntimeContractDriftTest.php" tests="1" assertions="24" errors="0" failures="0" skipped="0" time="0.025265">
        <testcase name="test_customer_waiting_list_routes_stay_on_canonical_owner_only_runtime_contract" file="/home/runner/work/RestaurantPOS/RestaurantPOS/tests/Feature/WaitingList/WaitingListRuntimeContractDriftTest.php" line="13" class="Tests\Feature\WaitingList\WaitingListRuntimeContractDriftTest" classname="Tests.Feature.WaitingList.WaitingListRuntimeContractDriftTest" assertions="24" time="0.025265"/>
      </testsuite>
    </testsuite>
  </testsuite>
</testsuites>
