<?xml version="1.0" encoding="UTF-8"?>
<testsuites>
  <testsuite name="CLI Arguments" tests="6" assertions="52" errors="0" failures="0" skipped="0" time="1.476753">
    <testsuite name="Tests\Feature\Runtime\RuntimeMysqlRedisSmokeTest" file="/home/runner/work/RestaurantPOS/RestaurantPOS/tests/Feature/Runtime/RuntimeMysqlRedisSmokeTest.php" tests="6" assertions="52" errors="0" failures="0" skipped="0" time="1.476753">
      <testcase name="test_walk_in_service_session_contends_on_same_table_with_mysql_and_redis_locks" file="/home/runner/work/RestaurantPOS/RestaurantPOS/tests/Feature/Runtime/RuntimeMysqlRedisSmokeTest.php" line="44" class="Tests\Feature\Runtime\RuntimeMysqlRedisSmokeTest" classname="Tests.Feature.Runtime.RuntimeMysqlRedisSmokeTest" assertions="8" time="0.453287"/>
      <testcase name="test_duplicate_order_item_mutation_replays_through_redis_without_duplicate_rows" file="/home/runner/work/RestaurantPOS/RestaurantPOS/tests/Feature/Runtime/RuntimeMysqlRedisSmokeTest.php" line="92" class="Tests\Feature\Runtime\RuntimeMysqlRedisSmokeTest" classname="Tests.Feature.Runtime.RuntimeMysqlRedisSmokeTest" assertions="10" time="0.140573"/>
      <testcase name="test_checkout_payment_replay_and_payload_mismatch_are_runtime_idempotent" file="/home/runner/work/RestaurantPOS/RestaurantPOS/tests/Feature/Runtime/RuntimeMysqlRedisSmokeTest.php" line="126" class="Tests\Feature\Runtime\RuntimeMysqlRedisSmokeTest" classname="Tests.Feature.Runtime.RuntimeMysqlRedisSmokeTest" assertions="11" time="0.326884"/>
      <testcase name="test_refund_over_cap_attempt_fails_against_mysql_lineage_state" file="/home/runner/work/RestaurantPOS/RestaurantPOS/tests/Feature/Runtime/RuntimeMysqlRedisSmokeTest.php" line="173" class="Tests\Feature\Runtime\RuntimeMysqlRedisSmokeTest" classname="Tests.Feature.Runtime.RuntimeMysqlRedisSmokeTest" assertions="6" time="0.323126"/>
      <testcase name="test_one_open_cashier_shift_per_cashier_branch_currency" file="/home/runner/work/RestaurantPOS/RestaurantPOS/tests/Feature/Runtime/RuntimeMysqlRedisSmokeTest.php" line="230" class="Tests\Feature\Runtime\RuntimeMysqlRedisSmokeTest" classname="Tests.Feature.Runtime.RuntimeMysqlRedisSmokeTest" assertions="7" time="0.105214"/>
      <testcase name="test_kds_duplicate_dispatch_replays_without_duplicate_ticket" file="/home/runner/work/RestaurantPOS/RestaurantPOS/tests/Feature/Runtime/RuntimeMysqlRedisSmokeTest.php" line="266" class="Tests\Feature\Runtime\RuntimeMysqlRedisSmokeTest" classname="Tests.Feature.Runtime.RuntimeMysqlRedisSmokeTest" assertions="10" time="0.127670"/>
    </testsuite>
  </testsuite>
</testsuites>
